<?xml version="1.0" encoding="UTF-8"?>
<!-- Generated by org.testng.reporters.JUnitXMLReporter -->
<testsuite ignored="0" hostname="DESKTOP-OUPB4CA" failures="0" tests="33" name="Command line test" time="0.256" errors="0" timestamp="2022-09-08T11:49:30 CEST">
  <testcase classname="org.migrational.pom.base.BaseTest" name="@BeforeMethod startDriver" time="0.014">
    <failure type="java.lang.IllegalArgumentException" message="No enum constant org.migrational.pom.constants.BrowserType.chrome">
      <![CDATA[java.lang.IllegalArgumentException: No enum constant org.migrational.pom.constants.BrowserType.chrome
at java.base/java.lang.Enum.valueOf(Enum.java:273)
at org.migrational.pom.constants.BrowserType.valueOf(BrowserType.java:3)
at org.migrational.pom.factory.DriverManager.initializeDriver(DriverManager.java:16)
at org.migrational.pom.base.BaseTest.startDriver(BaseTest.java:15)
at java.base/java.util.ArrayList.forEach(ArrayList.java:1511)
... Removed 37 stack frames]]>
    </failure>
  </testcase> <!-- @BeforeMethod startDriver -->
  <testcase classname="org.migrational.pom.base.BaseTest" name="@AfterMethod quitDriver" time="0.0">
    <skipped/>
  </testcase> <!-- @AfterMethod quitDriver -->
  <testcase classname="org.migrational.pom.base.BaseTest" name="@BeforeMethod startDriver" time="0.0">
    <failure type="java.lang.IllegalArgumentException" message="No enum constant org.migrational.pom.constants.BrowserType.chrome">
      <![CDATA[java.lang.IllegalArgumentException: No enum constant org.migrational.pom.constants.BrowserType.chrome
at java.base/java.lang.Enum.valueOf(Enum.java:273)
at org.migrational.pom.constants.BrowserType.valueOf(BrowserType.java:3)
at org.migrational.pom.factory.DriverManager.initializeDriver(DriverManager.java:16)
at org.migrational.pom.base.BaseTest.startDriver(BaseTest.java:15)
at java.base/java.util.ArrayList.forEach(ArrayList.java:1511)
... Removed 37 stack frames]]>
    </failure>
  </testcase> <!-- @BeforeMethod startDriver -->
  <testcase classname="org.migrational.pom.base.BaseTest" name="@AfterMethod quitDriver" time="0.0">
    <skipped/>
  </testcase> <!-- @AfterMethod quitDriver -->
  <testcase classname="org.migrational.pom.base.BaseTest" name="@BeforeMethod startDriver" time="0.0">
    <failure type="java.lang.IllegalArgumentException" message="No enum constant org.migrational.pom.constants.BrowserType.chrome">
      <![CDATA[java.lang.IllegalArgumentException: No enum constant org.migrational.pom.constants.BrowserType.chrome
at java.base/java.lang.Enum.valueOf(Enum.java:273)
at org.migrational.pom.constants.BrowserType.valueOf(BrowserType.java:3)
at org.migrational.pom.factory.DriverManager.initializeDriver(DriverManager.java:16)
at org.migrational.pom.base.BaseTest.startDriver(BaseTest.java:15)
at java.base/java.util.ArrayList.forEach(ArrayList.java:1511)
... Removed 37 stack frames]]>
    </failure>
  </testcase> <!-- @BeforeMethod startDriver -->
  <testcase classname="org.migrational.pom.base.BaseTest" name="@AfterMethod quitDriver" time="0.0">
    <skipped/>
  </testcase> <!-- @AfterMethod quitDriver -->
  <testcase classname="org.migrational.pom.base.BaseTest" name="@BeforeMethod startDriver" time="0.001">
    <failure type="java.lang.IllegalArgumentException" message="No enum constant org.migrational.pom.constants.BrowserType.chrome">
      <![CDATA[java.lang.IllegalArgumentException: No enum constant org.migrational.pom.constants.BrowserType.chrome
at java.base/java.lang.Enum.valueOf(Enum.java:273)
at org.migrational.pom.constants.BrowserType.valueOf(BrowserType.java:3)
at org.migrational.pom.factory.DriverManager.initializeDriver(DriverManager.java:16)
at org.migrational.pom.base.BaseTest.startDriver(BaseTest.java:15)
at java.base/java.util.ArrayList.forEach(ArrayList.java:1511)
... Removed 37 stack frames]]>
    </failure>
  </testcase> <!-- @BeforeMethod startDriver -->
  <testcase classname="org.migrational.pom.base.BaseTest" name="@AfterMethod quitDriver" time="0.0">
    <skipped/>
  </testcase> <!-- @AfterMethod quitDriver -->
  <testcase classname="org.migrational.pom.base.BaseTest" name="@BeforeMethod startDriver" time="0.001">
    <failure type="java.lang.IllegalArgumentException" message="No enum constant org.migrational.pom.constants.BrowserType.chrome">
      <![CDATA[java.lang.IllegalArgumentException: No enum constant org.migrational.pom.constants.BrowserType.chrome
at java.base/java.lang.Enum.valueOf(Enum.java:273)
at org.migrational.pom.constants.BrowserType.valueOf(BrowserType.java:3)
at org.migrational.pom.factory.DriverManager.initializeDriver(DriverManager.java:16)
at org.migrational.pom.base.BaseTest.startDriver(BaseTest.java:15)
at java.base/java.util.ArrayList.forEach(ArrayList.java:1511)
... Removed 37 stack frames]]>
    </failure>
  </testcase> <!-- @BeforeMethod startDriver -->
  <testcase classname="org.migrational.pom.base.BaseTest" name="@AfterMethod quitDriver" time="0.0">
    <skipped/>
  </testcase> <!-- @AfterMethod quitDriver -->
  <testcase classname="org.migrational.pom.base.BaseTest" name="@BeforeMethod startDriver" time="0.0">
    <failure type="java.lang.IllegalArgumentException" message="No enum constant org.migrational.pom.constants.BrowserType.chrome">
      <![CDATA[java.lang.IllegalArgumentException: No enum constant org.migrational.pom.constants.BrowserType.chrome
at java.base/java.lang.Enum.valueOf(Enum.java:273)
at org.migrational.pom.constants.BrowserType.valueOf(BrowserType.java:3)
at org.migrational.pom.factory.DriverManager.initializeDriver(DriverManager.java:16)
at org.migrational.pom.base.BaseTest.startDriver(BaseTest.java:15)
at java.base/java.util.ArrayList.forEach(ArrayList.java:1511)
... Removed 37 stack frames]]>
    </failure>
  </testcase> <!-- @BeforeMethod startDriver -->
  <testcase classname="org.migrational.pom.base.BaseTest" name="@AfterMethod quitDriver" time="0.0">
    <skipped/>
  </testcase> <!-- @AfterMethod quitDriver -->
  <testcase classname="org.migrational.pom.base.BaseTest" name="@BeforeMethod startDriver" time="0.0">
    <failure type="java.lang.IllegalArgumentException" message="No enum constant org.migrational.pom.constants.BrowserType.chrome">
      <![CDATA[java.lang.IllegalArgumentException: No enum constant org.migrational.pom.constants.BrowserType.chrome
at java.base/java.lang.Enum.valueOf(Enum.java:273)
at org.migrational.pom.constants.BrowserType.valueOf(BrowserType.java:3)
at org.migrational.pom.factory.DriverManager.initializeDriver(DriverManager.java:16)
at org.migrational.pom.base.BaseTest.startDriver(BaseTest.java:15)
at java.base/java.util.ArrayList.forEach(ArrayList.java:1511)
... Removed 37 stack frames]]>
    </failure>
  </testcase> <!-- @BeforeMethod startDriver -->
  <testcase classname="org.migrational.pom.base.BaseTest" name="@AfterMethod quitDriver" time="0.0">
    <skipped/>
  </testcase> <!-- @AfterMethod quitDriver -->
  <testcase classname="org.migrational.pom.base.BaseTest" name="@BeforeMethod startDriver" time="0.0">
    <failure type="java.lang.IllegalArgumentException" message="No enum constant org.migrational.pom.constants.BrowserType.chrome">
      <![CDATA[java.lang.IllegalArgumentException: No enum constant org.migrational.pom.constants.BrowserType.chrome
at java.base/java.lang.Enum.valueOf(Enum.java:273)
at org.migrational.pom.constants.BrowserType.valueOf(BrowserType.java:3)
at org.migrational.pom.factory.DriverManager.initializeDriver(DriverManager.java:16)
at org.migrational.pom.base.BaseTest.startDriver(BaseTest.java:15)
at java.base/java.util.ArrayList.forEach(ArrayList.java:1511)
... Removed 37 stack frames]]>
    </failure>
  </testcase> <!-- @BeforeMethod startDriver -->
  <testcase classname="org.migrational.pom.base.BaseTest" name="@AfterMethod quitDriver" time="0.0">
    <skipped/>
  </testcase> <!-- @AfterMethod quitDriver -->
  <testcase classname="org.migrational.pom.base.BaseTest" name="@BeforeMethod startDriver" time="0.001">
    <failure type="java.lang.IllegalArgumentException" message="No enum constant org.migrational.pom.constants.BrowserType.chrome">
      <![CDATA[java.lang.IllegalArgumentException: No enum constant org.migrational.pom.constants.BrowserType.chrome
at java.base/java.lang.Enum.valueOf(Enum.java:273)
at org.migrational.pom.constants.BrowserType.valueOf(BrowserType.java:3)
at org.migrational.pom.factory.DriverManager.initializeDriver(DriverManager.java:16)
at org.migrational.pom.base.BaseTest.startDriver(BaseTest.java:15)
at java.base/java.util.ArrayList.forEach(ArrayList.java:1511)
... Removed 37 stack frames]]>
    </failure>
  </testcase> <!-- @BeforeMethod startDriver -->
  <testcase classname="org.migrational.pom.base.BaseTest" name="@AfterMethod quitDriver" time="0.0">
    <skipped/>
  </testcase> <!-- @AfterMethod quitDriver -->
  <testcase classname="org.migrational.pom.base.BaseTest" name="@BeforeMethod startDriver" time="0.001">
    <failure type="java.lang.IllegalArgumentException" message="No enum constant org.migrational.pom.constants.BrowserType.chrome">
      <![CDATA[java.lang.IllegalArgumentException: No enum constant org.migrational.pom.constants.BrowserType.chrome
at java.base/java.lang.Enum.valueOf(Enum.java:273)
at org.migrational.pom.constants.BrowserType.valueOf(BrowserType.java:3)
at org.migrational.pom.factory.DriverManager.initializeDriver(DriverManager.java:16)
at org.migrational.pom.base.BaseTest.startDriver(BaseTest.java:15)
at java.base/java.util.ArrayList.forEach(ArrayList.java:1511)
... Removed 37 stack frames]]>
    </failure>
  </testcase> <!-- @BeforeMethod startDriver -->
  <testcase classname="org.migrational.pom.base.BaseTest" name="@AfterMethod quitDriver" time="0.0">
    <skipped/>
  </testcase> <!-- @AfterMethod quitDriver -->
  <testcase classname="org.migrational.pom.base.BaseTest" name="@BeforeMethod startDriver" time="0.0">
    <failure type="java.lang.IllegalArgumentException" message="No enum constant org.migrational.pom.constants.BrowserType.chrome">
      <![CDATA[java.lang.IllegalArgumentException: No enum constant org.migrational.pom.constants.BrowserType.chrome
at java.base/java.lang.Enum.valueOf(Enum.java:273)
at org.migrational.pom.constants.BrowserType.valueOf(BrowserType.java:3)
at org.migrational.pom.factory.DriverManager.initializeDriver(DriverManager.java:16)
at org.migrational.pom.base.BaseTest.startDriver(BaseTest.java:15)
at java.base/java.util.ArrayList.forEach(ArrayList.java:1511)
... Removed 37 stack frames]]>
    </failure>
  </testcase> <!-- @BeforeMethod startDriver -->
  <testcase classname="org.migrational.pom.base.BaseTest" name="@AfterMethod quitDriver" time="0.0">
    <skipped/>
  </testcase> <!-- @AfterMethod quitDriver -->
  <testcase classname="org.migrational.pom.base.BaseTest" name="@BeforeMethod startDriver" time="0.0">
    <failure type="java.lang.IllegalArgumentException" message="No enum constant org.migrational.pom.constants.BrowserType.chrome">
      <![CDATA[java.lang.IllegalArgumentException: No enum constant org.migrational.pom.constants.BrowserType.chrome
at java.base/java.lang.Enum.valueOf(Enum.java:273)
at org.migrational.pom.constants.BrowserType.valueOf(BrowserType.java:3)
at org.migrational.pom.factory.DriverManager.initializeDriver(DriverManager.java:16)
at org.migrational.pom.base.BaseTest.startDriver(BaseTest.java:15)
at java.base/java.util.ArrayList.forEach(ArrayList.java:1511)
... Removed 37 stack frames]]>
    </failure>
  </testcase> <!-- @BeforeMethod startDriver -->
  <testcase classname="org.migrational.pom.base.BaseTest" name="@AfterMethod quitDriver" time="0.0">
    <skipped/>
  </testcase> <!-- @AfterMethod quitDriver -->
  <testcase classname="org.migrational.pom.base.BaseTest" name="@BeforeMethod startDriver" time="0.0">
    <failure type="java.lang.IllegalArgumentException" message="No enum constant org.migrational.pom.constants.BrowserType.chrome">
      <![CDATA[java.lang.IllegalArgumentException: No enum constant org.migrational.pom.constants.BrowserType.chrome
at java.base/java.lang.Enum.valueOf(Enum.java:273)
at org.migrational.pom.constants.BrowserType.valueOf(BrowserType.java:3)
at org.migrational.pom.factory.DriverManager.initializeDriver(DriverManager.java:16)
at org.migrational.pom.base.BaseTest.startDriver(BaseTest.java:15)
at java.base/java.util.ArrayList.forEach(ArrayList.java:1511)
... Removed 37 stack frames]]>
    </failure>
  </testcase> <!-- @BeforeMethod startDriver -->
  <testcase classname="org.migrational.pom.base.BaseTest" name="@AfterMethod quitDriver" time="0.0">
    <skipped/>
  </testcase> <!-- @AfterMethod quitDriver -->
  <testcase classname="org.migrational.pom.base.BaseTest" name="@BeforeMethod startDriver" time="0.0">
    <failure type="java.lang.IllegalArgumentException" message="No enum constant org.migrational.pom.constants.BrowserType.chrome">
      <![CDATA[java.lang.IllegalArgumentException: No enum constant org.migrational.pom.constants.BrowserType.chrome
at java.base/java.lang.Enum.valueOf(Enum.java:273)
at org.migrational.pom.constants.BrowserType.valueOf(BrowserType.java:3)
at org.migrational.pom.factory.DriverManager.initializeDriver(DriverManager.java:16)
at org.migrational.pom.base.BaseTest.startDriver(BaseTest.java:15)
at java.base/java.util.ArrayList.forEach(ArrayList.java:1511)
... Removed 37 stack frames]]>
    </failure>
  </testcase> <!-- @BeforeMethod startDriver -->
  <testcase classname="org.migrational.pom.base.BaseTest" name="@AfterMethod quitDriver" time="0.0">
    <skipped/>
  </testcase> <!-- @AfterMethod quitDriver -->
  <testcase classname="org.migrational.pom.base.BaseTest" name="@BeforeMethod startDriver" time="0.0">
    <failure type="java.lang.IllegalArgumentException" message="No enum constant org.migrational.pom.constants.BrowserType.chrome">
      <![CDATA[java.lang.IllegalArgumentException: No enum constant org.migrational.pom.constants.BrowserType.chrome
at java.base/java.lang.Enum.valueOf(Enum.java:273)
at org.migrational.pom.constants.BrowserType.valueOf(BrowserType.java:3)
at org.migrational.pom.factory.DriverManager.initializeDriver(DriverManager.java:16)
at org.migrational.pom.base.BaseTest.startDriver(BaseTest.java:15)
at java.base/java.util.ArrayList.forEach(ArrayList.java:1511)
... Removed 37 stack frames]]>
    </failure>
  </testcase> <!-- @BeforeMethod startDriver -->
  <testcase classname="org.migrational.pom.base.BaseTest" name="@AfterMethod quitDriver" time="0.0">
    <skipped/>
  </testcase> <!-- @AfterMethod quitDriver -->
  <testcase classname="org.migrational.pom.base.BaseTest" name="@BeforeMethod startDriver" time="0.005">
    <failure type="java.lang.IllegalArgumentException" message="No enum constant org.migrational.pom.constants.BrowserType.chrome">
      <![CDATA[java.lang.IllegalArgumentException: No enum constant org.migrational.pom.constants.BrowserType.chrome
at java.base/java.lang.Enum.valueOf(Enum.java:273)
at org.migrational.pom.constants.BrowserType.valueOf(BrowserType.java:3)
at org.migrational.pom.factory.DriverManager.initializeDriver(DriverManager.java:16)
at org.migrational.pom.base.BaseTest.startDriver(BaseTest.java:15)
at java.base/java.util.ArrayList.forEach(ArrayList.java:1511)
... Removed 37 stack frames]]>
    </failure>
  </testcase> <!-- @BeforeMethod startDriver -->
  <testcase classname="org.migrational.pom.base.BaseTest" name="@AfterMethod quitDriver" time="0.0">
    <skipped/>
  </testcase> <!-- @AfterMethod quitDriver -->
  <testcase classname="org.migrational.pom.base.BaseTest" name="@BeforeMethod startDriver" time="0.0">
    <failure type="java.lang.IllegalArgumentException" message="No enum constant org.migrational.pom.constants.BrowserType.chrome">
      <![CDATA[java.lang.IllegalArgumentException: No enum constant org.migrational.pom.constants.BrowserType.chrome
at java.base/java.lang.Enum.valueOf(Enum.java:273)
at org.migrational.pom.constants.BrowserType.valueOf(BrowserType.java:3)
at org.migrational.pom.factory.DriverManager.initializeDriver(DriverManager.java:16)
at org.migrational.pom.base.BaseTest.startDriver(BaseTest.java:15)
at java.base/java.util.ArrayList.forEach(ArrayList.java:1511)
... Removed 37 stack frames]]>
    </failure>
  </testcase> <!-- @BeforeMethod startDriver -->
  <testcase classname="org.migrational.pom.base.BaseTest" name="@AfterMethod quitDriver" time="0.0">
    <skipped/>
  </testcase> <!-- @AfterMethod quitDriver -->
  <testcase classname="org.migrational.pom.base.BaseTest" name="@BeforeMethod startDriver" time="0.001">
    <failure type="java.lang.IllegalArgumentException" message="No enum constant org.migrational.pom.constants.BrowserType.chrome">
      <![CDATA[java.lang.IllegalArgumentException: No enum constant org.migrational.pom.constants.BrowserType.chrome
at java.base/java.lang.Enum.valueOf(Enum.java:273)
at org.migrational.pom.constants.BrowserType.valueOf(BrowserType.java:3)
at org.migrational.pom.factory.DriverManager.initializeDriver(DriverManager.java:16)
at org.migrational.pom.base.BaseTest.startDriver(BaseTest.java:15)
at java.base/java.util.ArrayList.forEach(ArrayList.java:1511)
... Removed 37 stack frames]]>
    </failure>
  </testcase> <!-- @BeforeMethod startDriver -->
  <testcase classname="org.migrational.pom.base.BaseTest" name="@AfterMethod quitDriver" time="0.0">
    <skipped/>
  </testcase> <!-- @AfterMethod quitDriver -->
  <testcase classname="org.migrational.pom.base.BaseTest" name="@BeforeMethod startDriver" time="0.001">
    <failure type="java.lang.IllegalArgumentException" message="No enum constant org.migrational.pom.constants.BrowserType.chrome">
      <![CDATA[java.lang.IllegalArgumentException: No enum constant org.migrational.pom.constants.BrowserType.chrome
at java.base/java.lang.Enum.valueOf(Enum.java:273)
at org.migrational.pom.constants.BrowserType.valueOf(BrowserType.java:3)
at org.migrational.pom.factory.DriverManager.initializeDriver(DriverManager.java:16)
at org.migrational.pom.base.BaseTest.startDriver(BaseTest.java:15)
at java.base/java.util.ArrayList.forEach(ArrayList.java:1511)
... Removed 37 stack frames]]>
    </failure>
  </testcase> <!-- @BeforeMethod startDriver -->
  <testcase classname="org.migrational.pom.base.BaseTest" name="@AfterMethod quitDriver" time="0.0">
    <skipped/>
  </testcase> <!-- @AfterMethod quitDriver -->
  <testcase classname="org.migrational.pom.base.BaseTest" name="@BeforeMethod startDriver" time="0.0">
    <skipped/>
  </testcase> <!-- @BeforeMethod startDriver -->
  <testcase classname="org.migrational.pom.base.BaseTest" name="@AfterMethod quitDriver" time="0.0">
    <skipped/>
  </testcase> <!-- @AfterMethod quitDriver -->
  <testcase classname="org.migrational.pom.base.BaseTest" name="@BeforeMethod startDriver" time="0.0">
    <skipped/>
  </testcase> <!-- @BeforeMethod startDriver -->
  <testcase classname="org.migrational.pom.base.BaseTest" name="@AfterMethod quitDriver" time="0.0">
    <skipped/>
  </testcase> <!-- @AfterMethod quitDriver -->
  <testcase classname="org.migrational.pom.base.BaseTest" name="@BeforeMethod startDriver" time="0.001">
    <failure type="java.lang.IllegalArgumentException" message="No enum constant org.migrational.pom.constants.BrowserType.chrome">
      <![CDATA[java.lang.IllegalArgumentException: No enum constant org.migrational.pom.constants.BrowserType.chrome
at java.base/java.lang.Enum.valueOf(Enum.java:273)
at org.migrational.pom.constants.BrowserType.valueOf(BrowserType.java:3)
at org.migrational.pom.factory.DriverManager.initializeDriver(DriverManager.java:16)
at org.migrational.pom.base.BaseTest.startDriver(BaseTest.java:15)
at java.base/java.util.ArrayList.forEach(ArrayList.java:1511)
... Removed 37 stack frames]]>
    </failure>
  </testcase> <!-- @BeforeMethod startDriver -->
  <testcase classname="org.migrational.pom.base.BaseTest" name="@AfterMethod quitDriver" time="0.0">
    <skipped/>
  </testcase> <!-- @AfterMethod quitDriver -->
  <testcase classname="org.migrational.pom.base.BaseTest" name="@BeforeMethod startDriver" time="0.0">
    <failure type="java.lang.IllegalArgumentException" message="No enum constant org.migrational.pom.constants.BrowserType.chrome">
      <![CDATA[java.lang.IllegalArgumentException: No enum constant org.migrational.pom.constants.BrowserType.chrome
at java.base/java.lang.Enum.valueOf(Enum.java:273)
at org.migrational.pom.constants.BrowserType.valueOf(BrowserType.java:3)
at org.migrational.pom.factory.DriverManager.initializeDriver(DriverManager.java:16)
at org.migrational.pom.base.BaseTest.startDriver(BaseTest.java:15)
at java.base/java.util.ArrayList.forEach(ArrayList.java:1511)
... Removed 37 stack frames]]>
    </failure>
  </testcase> <!-- @BeforeMethod startDriver -->
  <testcase classname="org.migrational.pom.base.BaseTest" name="@AfterMethod quitDriver" time="0.0">
    <skipped/>
  </testcase> <!-- @AfterMethod quitDriver -->
  <testcase classname="org.migrational.pom.base.BaseTest" name="@BeforeMethod startDriver" time="0.001">
    <failure type="java.lang.IllegalArgumentException" message="No enum constant org.migrational.pom.constants.BrowserType.chrome">
      <![CDATA[java.lang.IllegalArgumentException: No enum constant org.migrational.pom.constants.BrowserType.chrome
at java.base/java.lang.Enum.valueOf(Enum.java:273)
at org.migrational.pom.constants.BrowserType.valueOf(BrowserType.java:3)
at org.migrational.pom.factory.DriverManager.initializeDriver(DriverManager.java:16)
at org.migrational.pom.base.BaseTest.startDriver(BaseTest.java:15)
at java.base/java.util.ArrayList.forEach(ArrayList.java:1511)
... Removed 37 stack frames]]>
    </failure>
  </testcase> <!-- @BeforeMethod startDriver -->
  <testcase classname="org.migrational.pom.base.BaseTest" name="@AfterMethod quitDriver" time="0.0">
    <skipped/>
  </testcase> <!-- @AfterMethod quitDriver -->
  <testcase classname="org.migrational.pom.base.BaseTest" name="@BeforeMethod startDriver" time="0.0">
    <skipped/>
  </testcase> <!-- @BeforeMethod startDriver -->
  <testcase classname="org.migrational.pom.base.BaseTest" name="@AfterMethod quitDriver" time="0.0">
    <skipped/>
  </testcase> <!-- @AfterMethod quitDriver -->
  <testcase classname="org.migrational.pom.base.BaseTest" name="@BeforeMethod startDriver" time="0.0">
    <skipped/>
  </testcase> <!-- @BeforeMethod startDriver -->
  <testcase classname="org.migrational.pom.base.BaseTest" name="@AfterMethod quitDriver" time="0.0">
    <skipped/>
  </testcase> <!-- @AfterMethod quitDriver -->
  <testcase classname="org.migrational.pom.base.BaseTest" name="@BeforeMethod startDriver" time="0.0">
    <skipped/>
  </testcase> <!-- @BeforeMethod startDriver -->
  <testcase classname="org.migrational.pom.base.BaseTest" name="@AfterMethod quitDriver" time="0.0">
    <skipped/>
  </testcase> <!-- @AfterMethod quitDriver -->
  <testcase classname="org.migrational.pom.base.BaseTest" name="@BeforeMethod startDriver" time="0.0">
    <skipped/>
  </testcase> <!-- @BeforeMethod startDriver -->
  <testcase classname="org.migrational.pom.base.BaseTest" name="@AfterMethod quitDriver" time="0.0">
    <skipped/>
  </testcase> <!-- @AfterMethod quitDriver -->
  <testcase classname="org.migrational.pom.base.BaseTest" name="@BeforeMethod startDriver" time="0.0">
    <skipped/>
  </testcase> <!-- @BeforeMethod startDriver -->
  <testcase classname="org.migrational.pom.base.BaseTest" name="@AfterMethod quitDriver" time="0.0">
    <skipped/>
  </testcase> <!-- @AfterMethod quitDriver -->
  <testcase classname="org.migrational.pom.base.BaseTest" name="@BeforeMethod startDriver" time="0.0">
    <skipped/>
  </testcase> <!-- @BeforeMethod startDriver -->
  <testcase classname="org.migrational.pom.base.BaseTest" name="@AfterMethod quitDriver" time="0.0">
    <skipped/>
  </testcase> <!-- @AfterMethod quitDriver -->
  <testcase classname="org.migrational.pom.base.BaseTest" name="@BeforeMethod startDriver" time="0.005">
    <failure type="java.lang.IllegalArgumentException" message="No enum constant org.migrational.pom.constants.BrowserType.chrome">
      <![CDATA[java.lang.IllegalArgumentException: No enum constant org.migrational.pom.constants.BrowserType.chrome
at java.base/java.lang.Enum.valueOf(Enum.java:273)
at org.migrational.pom.constants.BrowserType.valueOf(BrowserType.java:3)
at org.migrational.pom.factory.DriverManager.initializeDriver(DriverManager.java:16)
at org.migrational.pom.base.BaseTest.startDriver(BaseTest.java:15)
at java.base/java.util.ArrayList.forEach(ArrayList.java:1511)
... Removed 37 stack frames]]>
    </failure>
  </testcase> <!-- @BeforeMethod startDriver -->
  <testcase classname="org.migrational.pom.base.BaseTest" name="@AfterMethod quitDriver" time="0.0">
    <skipped/>
  </testcase> <!-- @AfterMethod quitDriver -->
  <testcase classname="org.migrational.pom.base.BaseTest" name="@BeforeMethod startDriver" time="0.003">
    <failure type="java.lang.IllegalArgumentException" message="No enum constant org.migrational.pom.constants.BrowserType.chrome">
      <![CDATA[java.lang.IllegalArgumentException: No enum constant org.migrational.pom.constants.BrowserType.chrome
at java.base/java.lang.Enum.valueOf(Enum.java:273)
at org.migrational.pom.constants.BrowserType.valueOf(BrowserType.java:3)
at org.migrational.pom.factory.DriverManager.initializeDriver(DriverManager.java:16)
at org.migrational.pom.base.BaseTest.startDriver(BaseTest.java:15)
at java.base/java.util.ArrayList.forEach(ArrayList.java:1511)
... Removed 37 stack frames]]>
    </failure>
  </testcase> <!-- @BeforeMethod startDriver -->
  <testcase classname="org.migrational.pom.base.BaseTest" name="@AfterMethod quitDriver" time="0.0">
    <skipped/>
  </testcase> <!-- @AfterMethod quitDriver -->
  <testcase classname="org.migrational.pom.base.BaseTest" name="@BeforeMethod startDriver" time="0.0">
    <skipped/>
  </testcase> <!-- @BeforeMethod startDriver -->
  <testcase classname="org.migrational.pom.base.BaseTest" name="@AfterMethod quitDriver" time="0.0">
    <skipped/>
  </testcase> <!-- @AfterMethod quitDriver -->
  <testcase classname="org.migrational.pom.tests.AdminAdminsTest" name="adminAdminsTest" time="0.0">
    <skipped/>
  </testcase> <!-- adminAdminsTest -->
  <testcase classname="org.migrational.pom.tests.AdminCandidatesTest" name="adminCandidatesTest" time="0.003">
    <skipped/>
  </testcase> <!-- adminCandidatesTest -->
  <testcase classname="org.migrational.pom.tests.AdminClientsTest" name="adminClientsTest" time="0.001">
    <skipped/>
  </testcase> <!-- adminClientsTest -->
  <testcase classname="org.migrational.pom.tests.AdminDashboardTest" name="adminDashboardTest" time="0.0">
    <skipped/>
  </testcase> <!-- adminDashboardTest -->
  <testcase classname="org.migrational.pom.tests.AdminHistoryTest" name="adminHistoryTest" time="0.0">
    <skipped/>
  </testcase> <!-- adminHistoryTest -->
  <testcase classname="org.migrational.pom.tests.AdminInvoicesTest" name="adminInvoicesTest" time="0.0">
    <skipped/>
  </testcase> <!-- adminInvoicesTest -->
  <testcase classname="org.migrational.pom.tests.AdminLoginTest" name="adminLoginTest" time="0.0">
    <skipped/>
  </testcase> <!-- adminLoginTest -->
  <testcase classname="org.migrational.pom.tests.AdminMessagesTest" name="adminMessagesTest" time="0.0">
    <skipped/>
  </testcase> <!-- adminMessagesTest -->
  <testcase classname="org.migrational.pom.tests.AdminPaymentsTest" name="adminPaymentsTest" time="0.0">
    <skipped/>
  </testcase> <!-- adminPaymentsTest -->
  <testcase classname="org.migrational.pom.tests.AdminPromoCodesTest" name="adminPromoCodesTest" time="0.0">
    <skipped/>
  </testcase> <!-- adminPromoCodesTest -->
  <testcase classname="org.migrational.pom.tests.AdminServiceProvidersTest" name="adminServiceProvidersTest" time="0.0">
    <skipped/>
  </testcase> <!-- adminServiceProvidersTest -->
  <testcase classname="org.migrational.pom.tests.CandidateLoginTest" name="candidateLoginTest" time="0.0">
    <skipped/>
  </testcase> <!-- candidateLoginTest -->
  <testcase classname="org.migrational.pom.tests.CandidateRegistrationInfoTest" name="registrationInfoCandidateTest" time="0.0">
    <skipped/>
  </testcase> <!-- registrationInfoCandidateTest -->
  <testcase classname="org.migrational.pom.tests.Covid19VaccineTest" name="covid19VaccineTest" time="0.0">
    <skipped/>
  </testcase> <!-- covid19VaccineTest -->
  <testcase classname="org.migrational.pom.tests.EducationQualificationTest" name="educationQualificationTest" time="0.0">
    <skipped/>
  </testcase> <!-- educationQualificationTest -->
  <testcase classname="org.migrational.pom.tests.EmployerLoginTest" name="employerLoginTest" time="0.001">
    <skipped/>
  </testcase> <!-- employerLoginTest -->
  <testcase classname="org.migrational.pom.tests.EmployerRegistrationInfoTest" name="employerRegistrationInfoTest" time="0.0">
    <skipped/>
  </testcase> <!-- employerRegistrationInfoTest -->
  <testcase classname="org.migrational.pom.tests.GermanLevelProficiencyTest" name="germanLevelProficiencyTest" time="0.0">
    <skipped/>
  </testcase> <!-- germanLevelProficiencyTest -->
  <testcase classname="org.migrational.pom.tests.LandingPageTest" name="landingPageTest" time="0.0">
    <skipped/>
  </testcase> <!-- landingPageTest -->
  <testcase classname="org.migrational.pom.tests.LandingPageTest" name="navigateFromLandingToLoginPageTest" time="0.001">
    <skipped/>
  </testcase> <!-- navigateFromLandingToLoginPageTest -->
  <testcase classname="org.migrational.pom.tests.LandingPageTest" name="navigateFromLandingToRegisterNewAccountPageTest" time="0.0">
    <skipped/>
  </testcase> <!-- navigateFromLandingToRegisterNewAccountPageTest -->
  <testcase classname="org.migrational.pom.tests.NostrificationTest" name="nostrificationTest" time="0.0">
    <skipped/>
  </testcase> <!-- nostrificationTest -->
  <testcase classname="org.migrational.pom.tests.PersonalInformationTest" name="personalInformationTest" time="0.0">
    <skipped/>
  </testcase> <!-- personalInformationTest -->
  <testcase classname="org.migrational.pom.tests.PreScreeningTest" name="preScreeningGetStartedBtnTest" time="0.0">
    <skipped/>
  </testcase> <!-- preScreeningGetStartedBtnTest -->
  <testcase classname="org.migrational.pom.tests.PreScreeningTest" name="preScreeningToCovidVaccineStepTest" time="0.0">
    <skipped/>
  </testcase> <!-- preScreeningToCovidVaccineStepTest -->
  <testcase classname="org.migrational.pom.tests.PreScreeningTest" name="preScreeningToEducationStepTest" time="0.0">
    <skipped/>
  </testcase> <!-- preScreeningToEducationStepTest -->
  <testcase classname="org.migrational.pom.tests.PreScreeningTest" name="preScreeningToGermanLanguageStepTest" time="0.0">
    <skipped/>
  </testcase> <!-- preScreeningToGermanLanguageStepTest -->
  <testcase classname="org.migrational.pom.tests.PreScreeningTest" name="preScreeningToNostrificationStepTest" time="0.0">
    <skipped/>
  </testcase> <!-- preScreeningToNostrificationStepTest -->
  <testcase classname="org.migrational.pom.tests.PreScreeningTest" name="preScreeningToPersonalInfoStepTest" time="0.0">
    <skipped/>
  </testcase> <!-- preScreeningToPersonalInfoStepTest -->
  <testcase classname="org.migrational.pom.tests.PreScreeningTest" name="preScreeningToReasonsForApplyingStepTest" time="0.0">
    <skipped/>
  </testcase> <!-- preScreeningToReasonsForApplyingStepTest -->
  <testcase classname="org.migrational.pom.tests.ReasonsForApplyingTest" name="reasonsForApplyingTest" time="0.0">
    <skipped/>
  </testcase> <!-- reasonsForApplyingTest -->
  <testcase classname="org.migrational.pom.tests.RegisterNewAccountTest" name="registerCandidateAccountTest" time="0.0">
    <skipped/>
  </testcase> <!-- registerCandidateAccountTest -->
  <testcase classname="org.migrational.pom.tests.RegisterNewAccountTest" name="registerEmployerAccountTest" time="0.0">
    <skipped/>
  </testcase> <!-- registerEmployerAccountTest -->
</testsuite> <!-- Command line test -->
