<!DOCTYPE html PUBLIC "-//W3C//DTD XHTML 1.1//EN" "https://www.w3.org/TR/xhtml11/DTD/xhtml11.dtd">
<html xmlns="https://www.w3.org/1999/xhtml">
<head>
<meta http-equiv="content-type" content="text/html; charset=UTF-8"/>
<title>TestNG Report</title>
<style type="text/css">table {margin-bottom:10px;border-collapse:collapse;empty-cells:show}th,td {border:1px solid #009;padding:.25em .5em}th {vertical-align:bottom}td {vertical-align:top}table a {font-weight:bold}.stripe td {background-color: #E6EBF9}.num {text-align:right}.passedodd td {background-color: #3F3}.passedeven td {background-color: #0A0}.skippedodd td {background-color: #DDD}.skippedeven td {background-color: #CCC}.failedodd td,.attn {background-color: #F33}.failedeven td,.stripe .attn {background-color: #D00}.stacktrace {white-space:pre;font-family:monospace}.totop {font-size:85%;text-align:center;border-bottom:2px solid #000}.invisible {display:none}</style>
</head>
<body>
<table>
<tr><th>Test</th><th># Passed</th><th># Skipped</th><th># Retried</th><th># Failed</th><th>Time (ms)</th><th>Included Groups</th><th>Excluded Groups</th></tr>
<tr><th colspan="8">Command line suite</th></tr>
<tr><td><a href="#t0">Command line test</a></td><td class="num">0</td><td class="num attn">33</td><td class="num">0</td><td class="num">0</td><td class="num">256</td><td></td><td></td></tr>
</table>
<table id='summary'><thead><tr><th>Class</th><th>Method</th><th>Start</th><th>Time (ms)</th></tr></thead><tbody><tr><th colspan="4">Command line suite</th></tr></tbody><tbody id="t0"><tr><th colspan="4">Command line test &#8212; failed (configuration methods)</th></tr><tr class="failedeven"><td rowspan="1">org.migrational.pom.tests.AdminAdminsTest</td><td><a href="#m0">startDriver</a></td><td rowspan="1">1662630570689</td><td rowspan="1">14</td></tr><tr class="failedodd"><td rowspan="1">org.migrational.pom.tests.AdminCandidatesTest</td><td><a href="#m1">startDriver</a></td><td rowspan="1">1662630570715</td><td rowspan="1">0</td></tr><tr class="failedeven"><td rowspan="1">org.migrational.pom.tests.AdminClientsTest</td><td><a href="#m2">startDriver</a></td><td rowspan="1">1662630570726</td><td rowspan="1">0</td></tr><tr class="failedodd"><td rowspan="1">org.migrational.pom.tests.AdminDashboardTest</td><td><a href="#m3">startDriver</a></td><td rowspan="1">1662630570729</td><td rowspan="1">1</td></tr><tr class="failedeven"><td rowspan="1">org.migrational.pom.tests.AdminHistoryTest</td><td><a href="#m4">startDriver</a></td><td rowspan="1">1662630570733</td><td rowspan="1">1</td></tr><tr class="failedodd"><td rowspan="1">org.migrational.pom.tests.AdminInvoicesTest</td><td><a href="#m5">startDriver</a></td><td rowspan="1">1662630570739</td><td rowspan="1">0</td></tr><tr class="failedeven"><td rowspan="1">org.migrational.pom.tests.AdminLoginTest</td><td><a href="#m6">startDriver</a></td><td rowspan="1">1662630570743</td><td rowspan="1">0</td></tr><tr class="failedodd"><td rowspan="1">org.migrational.pom.tests.AdminMessagesTest</td><td><a href="#m7">startDriver</a></td><td rowspan="1">1662630570747</td><td rowspan="1">0</td></tr><tr class="failedeven"><td rowspan="1">org.migrational.pom.tests.AdminPaymentsTest</td><td><a href="#m8">startDriver</a></td><td rowspan="1">1662630570752</td><td rowspan="1">1</td></tr><tr class="failedodd"><td rowspan="1">org.migrational.pom.tests.AdminPromoCodesTest</td><td><a href="#m9">startDriver</a></td><td rowspan="1">1662630570759</td><td rowspan="1">1</td></tr><tr class="failedeven"><td rowspan="1">org.migrational.pom.tests.AdminServiceProvidersTest</td><td><a href="#m10">startDriver</a></td><td rowspan="1">1662630570768</td><td rowspan="1">0</td></tr><tr class="failedodd"><td rowspan="1">org.migrational.pom.tests.CandidateLoginTest</td><td><a href="#m11">startDriver</a></td><td rowspan="1">1662630570773</td><td rowspan="1">0</td></tr><tr class="failedeven"><td rowspan="1">org.migrational.pom.tests.CandidateRegistrationInfoTest</td><td><a href="#m12">startDriver</a></td><td rowspan="1">1662630570778</td><td rowspan="1">0</td></tr><tr class="failedodd"><td rowspan="1">org.migrational.pom.tests.Covid19VaccineTest</td><td><a href="#m13">startDriver</a></td><td rowspan="1">1662630570785</td><td rowspan="1">0</td></tr><tr class="failedeven"><td rowspan="1">org.migrational.pom.tests.EducationQualificationTest</td><td><a href="#m14">startDriver</a></td><td rowspan="1">1662630570791</td><td rowspan="1">0</td></tr><tr class="failedodd"><td rowspan="1">org.migrational.pom.tests.EmployerLoginTest</td><td><a href="#m15">startDriver</a></td><td rowspan="1">1662630570796</td><td rowspan="1">5</td></tr><tr class="failedeven"><td rowspan="1">org.migrational.pom.tests.EmployerRegistrationInfoTest</td><td><a href="#m16">startDriver</a></td><td rowspan="1">1662630570804</td><td rowspan="1">0</td></tr><tr class="failedodd"><td rowspan="1">org.migrational.pom.tests.GermanLevelProficiencyTest</td><td><a href="#m17">startDriver</a></td><td rowspan="1">1662630570810</td><td rowspan="1">1</td></tr><tr class="failedeven"><td rowspan="1">org.migrational.pom.tests.LandingPageTest</td><td><a href="#m18">startDriver</a></td><td rowspan="1">1662630570814</td><td rowspan="1">1</td></tr><tr class="failedodd"><td rowspan="1">org.migrational.pom.tests.NostrificationTest</td><td><a href="#m19">startDriver</a></td><td rowspan="1">1662630570827</td><td rowspan="1">1</td></tr><tr class="failedeven"><td rowspan="1">org.migrational.pom.tests.PersonalInformationTest</td><td><a href="#m20">startDriver</a></td><td rowspan="1">1662630570832</td><td rowspan="1">0</td></tr><tr class="failedodd"><td rowspan="1">org.migrational.pom.tests.PreScreeningTest</td><td><a href="#m21">startDriver</a></td><td rowspan="1">1662630570835</td><td rowspan="1">1</td></tr><tr class="failedeven"><td rowspan="1">org.migrational.pom.tests.ReasonsForApplyingTest</td><td><a href="#m22">startDriver</a></td><td rowspan="1">1662630570881</td><td rowspan="1">5</td></tr><tr class="failedodd"><td rowspan="1">org.migrational.pom.tests.RegisterNewAccountTest</td><td><a href="#m23">startDriver</a></td><td rowspan="1">1662630570889</td><td rowspan="1">3</td></tr><tr><th colspan="4">Command line test &#8212; skipped (configuration methods)</th></tr><tr class="skippedeven"><td rowspan="1">org.migrational.pom.tests.AdminAdminsTest</td><td><a href="#m24">quitDriver</a></td><td rowspan="1">1662630570710</td><td rowspan="1">0</td></tr><tr class="skippedodd"><td rowspan="1">org.migrational.pom.tests.AdminCandidatesTest</td><td><a href="#m25">quitDriver</a></td><td rowspan="1">1662630570724</td><td rowspan="1">0</td></tr><tr class="skippedeven"><td rowspan="1">org.migrational.pom.tests.AdminClientsTest</td><td><a href="#m26">quitDriver</a></td><td rowspan="1">1662630570728</td><td rowspan="1">0</td></tr><tr class="skippedodd"><td rowspan="1">org.migrational.pom.tests.AdminDashboardTest</td><td><a href="#m27">quitDriver</a></td><td rowspan="1">1662630570732</td><td rowspan="1">0</td></tr><tr class="skippedeven"><td rowspan="1">org.migrational.pom.tests.AdminHistoryTest</td><td><a href="#m28">quitDriver</a></td><td rowspan="1">1662630570737</td><td rowspan="1">0</td></tr><tr class="skippedodd"><td rowspan="1">org.migrational.pom.tests.AdminInvoicesTest</td><td><a href="#m29">quitDriver</a></td><td rowspan="1">1662630570741</td><td rowspan="1">0</td></tr><tr class="skippedeven"><td rowspan="1">org.migrational.pom.tests.AdminLoginTest</td><td><a href="#m30">quitDriver</a></td><td rowspan="1">1662630570745</td><td rowspan="1">0</td></tr><tr class="skippedodd"><td rowspan="1">org.migrational.pom.tests.AdminMessagesTest</td><td><a href="#m31">quitDriver</a></td><td rowspan="1">1662630570749</td><td rowspan="1">0</td></tr><tr class="skippedeven"><td rowspan="1">org.migrational.pom.tests.AdminPaymentsTest</td><td><a href="#m32">quitDriver</a></td><td rowspan="1">1662630570758</td><td rowspan="1">0</td></tr><tr class="skippedodd"><td rowspan="1">org.migrational.pom.tests.AdminPromoCodesTest</td><td><a href="#m33">quitDriver</a></td><td rowspan="1">1662630570765</td><td rowspan="1">0</td></tr><tr class="skippedeven"><td rowspan="1">org.migrational.pom.tests.AdminServiceProvidersTest</td><td><a href="#m34">quitDriver</a></td><td rowspan="1">1662630570770</td><td rowspan="1">0</td></tr><tr class="skippedodd"><td rowspan="1">org.migrational.pom.tests.CandidateLoginTest</td><td><a href="#m35">quitDriver</a></td><td rowspan="1">1662630570777</td><td rowspan="1">0</td></tr><tr class="skippedeven"><td rowspan="1">org.migrational.pom.tests.CandidateRegistrationInfoTest</td><td><a href="#m36">quitDriver</a></td><td rowspan="1">1662630570782</td><td rowspan="1">0</td></tr><tr class="skippedodd"><td rowspan="1">org.migrational.pom.tests.Covid19VaccineTest</td><td><a href="#m37">quitDriver</a></td><td rowspan="1">1662630570788</td><td rowspan="1">0</td></tr><tr class="skippedeven"><td rowspan="1">org.migrational.pom.tests.EducationQualificationTest</td><td><a href="#m38">quitDriver</a></td><td rowspan="1">1662630570794</td><td rowspan="1">0</td></tr><tr class="skippedodd"><td rowspan="1">org.migrational.pom.tests.EmployerLoginTest</td><td><a href="#m39">quitDriver</a></td><td rowspan="1">1662630570802</td><td rowspan="1">0</td></tr><tr class="skippedeven"><td rowspan="1">org.migrational.pom.tests.EmployerRegistrationInfoTest</td><td><a href="#m40">quitDriver</a></td><td rowspan="1">1662630570807</td><td rowspan="1">0</td></tr><tr class="skippedodd"><td rowspan="1">org.migrational.pom.tests.GermanLevelProficiencyTest</td><td><a href="#m41">quitDriver</a></td><td rowspan="1">1662630570813</td><td rowspan="1">0</td></tr><tr class="skippedeven"><td rowspan="5">org.migrational.pom.tests.LandingPageTest</td><td><a href="#m42">quitDriver</a></td><td rowspan="3">1662630570826</td><td rowspan="3">0</td></tr><tr class="skippedeven"><td><a href="#m43">quitDriver</a></td></tr><tr class="skippedeven"><td><a href="#m44">quitDriver</a></td></tr><tr class="skippedeven"><td><a href="#m45">startDriver</a></td><td rowspan="2">1662630570825</td><td rowspan="2">0</td></tr><tr class="skippedeven"><td><a href="#m46">startDriver</a></td></tr><tr class="skippedodd"><td rowspan="1">org.migrational.pom.tests.NostrificationTest</td><td><a href="#m47">quitDriver</a></td><td rowspan="1">1662630570830</td><td rowspan="1">0</td></tr><tr class="skippedeven"><td rowspan="1">org.migrational.pom.tests.PersonalInformationTest</td><td><a href="#m48">quitDriver</a></td><td rowspan="1">1662630570833</td><td rowspan="1">0</td></tr><tr class="skippedodd"><td rowspan="13">org.migrational.pom.tests.PreScreeningTest</td><td><a href="#m49">quitDriver</a></td><td rowspan="7">1662630570850</td><td rowspan="7">0</td></tr><tr class="skippedodd"><td><a href="#m50">quitDriver</a></td></tr><tr class="skippedodd"><td><a href="#m51">quitDriver</a></td></tr><tr class="skippedodd"><td><a href="#m52">quitDriver</a></td></tr><tr class="skippedodd"><td><a href="#m53">quitDriver</a></td></tr><tr class="skippedodd"><td><a href="#m54">quitDriver</a></td></tr><tr class="skippedodd"><td><a href="#m55">quitDriver</a></td></tr><tr class="skippedodd"><td><a href="#m56">startDriver</a></td><td rowspan="6">1662630570842</td><td rowspan="6">0</td></tr><tr class="skippedodd"><td><a href="#m57">startDriver</a></td></tr><tr class="skippedodd"><td><a href="#m58">startDriver</a></td></tr><tr class="skippedodd"><td><a href="#m59">startDriver</a></td></tr><tr class="skippedodd"><td><a href="#m60">startDriver</a></td></tr><tr class="skippedodd"><td><a href="#m61">startDriver</a></td></tr><tr class="skippedeven"><td rowspan="1">org.migrational.pom.tests.ReasonsForApplyingTest</td><td><a href="#m62">quitDriver</a></td><td rowspan="1">1662630570888</td><td rowspan="1">0</td></tr><tr class="skippedodd"><td rowspan="3">org.migrational.pom.tests.RegisterNewAccountTest</td><td><a href="#m63">quitDriver</a></td><td rowspan="2">1662630570896</td><td rowspan="2">0</td></tr><tr class="skippedodd"><td><a href="#m64">quitDriver</a></td></tr><tr class="skippedodd"><td><a href="#m65">startDriver</a></td><td rowspan="1">1662630570897</td><td rowspan="1">0</td></tr><tr><th colspan="4">Command line test &#8212; skipped</th></tr><tr class="skippedeven"><td rowspan="1">org.migrational.pom.tests.AdminAdminsTest</td><td><a href="#m66">adminAdminsTest</a></td><td rowspan="1">1662630570708</td><td rowspan="1">0</td></tr><tr class="skippedodd"><td rowspan="1">org.migrational.pom.tests.AdminCandidatesTest</td><td><a href="#m67">adminCandidatesTest</a></td><td rowspan="1">1662630570720</td><td rowspan="1">3</td></tr><tr class="skippedeven"><td rowspan="1">org.migrational.pom.tests.AdminClientsTest</td><td><a href="#m68">adminClientsTest</a></td><td rowspan="1">1662630570727</td><td rowspan="1">1</td></tr><tr class="skippedodd"><td rowspan="1">org.migrational.pom.tests.AdminDashboardTest</td><td><a href="#m69">adminDashboardTest</a></td><td rowspan="1">1662630570731</td><td rowspan="1">0</td></tr><tr class="skippedeven"><td rowspan="1">org.migrational.pom.tests.AdminHistoryTest</td><td><a href="#m70">adminHistoryTest</a></td><td rowspan="1">1662630570737</td><td rowspan="1">0</td></tr><tr class="skippedodd"><td rowspan="1">org.migrational.pom.tests.AdminInvoicesTest</td><td><a href="#m71">adminInvoicesTest</a></td><td rowspan="1">1662630570740</td><td rowspan="1">0</td></tr><tr class="skippedeven"><td rowspan="1">org.migrational.pom.tests.AdminLoginTest</td><td><a href="#m72">adminLoginTest</a></td><td rowspan="1">1662630570744</td><td rowspan="1">0</td></tr><tr class="skippedodd"><td rowspan="1">org.migrational.pom.tests.AdminMessagesTest</td><td><a href="#m73">adminMessagesTest</a></td><td rowspan="1">1662630570748</td><td rowspan="1">0</td></tr><tr class="skippedeven"><td rowspan="1">org.migrational.pom.tests.AdminPaymentsTest</td><td><a href="#m74">adminPaymentsTest</a></td><td rowspan="1">1662630570757</td><td rowspan="1">0</td></tr><tr class="skippedodd"><td rowspan="1">org.migrational.pom.tests.AdminPromoCodesTest</td><td><a href="#m75">adminPromoCodesTest</a></td><td rowspan="1">1662630570764</td><td rowspan="1">0</td></tr><tr class="skippedeven"><td rowspan="1">org.migrational.pom.tests.AdminServiceProvidersTest</td><td><a href="#m76">adminServiceProvidersTest</a></td><td rowspan="1">1662630570770</td><td rowspan="1">0</td></tr><tr class="skippedodd"><td rowspan="1">org.migrational.pom.tests.CandidateLoginTest</td><td><a href="#m77">candidateLoginTest</a></td><td rowspan="1">1662630570776</td><td rowspan="1">0</td></tr><tr class="skippedeven"><td rowspan="1">org.migrational.pom.tests.CandidateRegistrationInfoTest</td><td><a href="#m78">registrationInfoCandidateTest</a></td><td rowspan="1">1662630570781</td><td rowspan="1">0</td></tr><tr class="skippedodd"><td rowspan="1">org.migrational.pom.tests.Covid19VaccineTest</td><td><a href="#m79">covid19VaccineTest</a></td><td rowspan="1">1662630570786</td><td rowspan="1">0</td></tr><tr class="skippedeven"><td rowspan="1">org.migrational.pom.tests.EducationQualificationTest</td><td><a href="#m80">educationQualificationTest</a></td><td rowspan="1">1662630570792</td><td rowspan="1">0</td></tr><tr class="skippedodd"><td rowspan="1">org.migrational.pom.tests.EmployerLoginTest</td><td><a href="#m81">employerLoginTest</a></td><td rowspan="1">1662630570801</td><td rowspan="1">1</td></tr><tr class="skippedeven"><td rowspan="1">org.migrational.pom.tests.EmployerRegistrationInfoTest</td><td><a href="#m82">employerRegistrationInfoTest</a></td><td rowspan="1">1662630570805</td><td rowspan="1">0</td></tr><tr class="skippedodd"><td rowspan="1">org.migrational.pom.tests.GermanLevelProficiencyTest</td><td><a href="#m83">germanLevelProficiencyTest</a></td><td rowspan="1">1662630570812</td><td rowspan="1">0</td></tr><tr class="skippedeven"><td rowspan="3">org.migrational.pom.tests.LandingPageTest</td><td><a href="#m84">landingPageTest</a></td><td rowspan="1">1662630570816</td><td rowspan="1">0</td></tr><tr class="skippedeven"><td><a href="#m85">navigateFromLandingToLoginPageTest</a></td><td rowspan="1">1662630570818</td><td rowspan="1">1</td></tr><tr class="skippedeven"><td><a href="#m86">navigateFromLandingToRegisterNewAccountPageTest</a></td><td rowspan="1">1662630570826</td><td rowspan="1">0</td></tr><tr class="skippedodd"><td rowspan="1">org.migrational.pom.tests.NostrificationTest</td><td><a href="#m87">nostrificationTest</a></td><td rowspan="1">1662630570830</td><td rowspan="1">0</td></tr><tr class="skippedeven"><td rowspan="1">org.migrational.pom.tests.PersonalInformationTest</td><td><a href="#m88">personalInformationTest</a></td><td rowspan="1">1662630570833</td><td rowspan="1">0</td></tr><tr class="skippedodd"><td rowspan="7">org.migrational.pom.tests.PreScreeningTest</td><td><a href="#m89">preScreeningGetStartedBtnTest</a></td><td rowspan="1">1662630570837</td><td rowspan="1">0</td></tr><tr class="skippedodd"><td><a href="#m90">preScreeningToCovidVaccineStepTest</a></td><td rowspan="1">1662630570839</td><td rowspan="1">0</td></tr><tr class="skippedodd"><td><a href="#m91">preScreeningToEducationStepTest</a></td><td rowspan="1">1662630570843</td><td rowspan="1">0</td></tr><tr class="skippedodd"><td><a href="#m92">preScreeningToGermanLanguageStepTest</a></td><td rowspan="1">1662630570845</td><td rowspan="1">0</td></tr><tr class="skippedodd"><td><a href="#m93">preScreeningToNostrificationStepTest</a></td><td rowspan="1">1662630570849</td><td rowspan="1">0</td></tr><tr class="skippedodd"><td><a href="#m94">preScreeningToPersonalInfoStepTest</a></td><td rowspan="1">1662630570851</td><td rowspan="1">0</td></tr><tr class="skippedodd"><td><a href="#m95">preScreeningToReasonsForApplyingStepTest</a></td><td rowspan="1">1662630570854</td><td rowspan="1">0</td></tr><tr class="skippedeven"><td rowspan="1">org.migrational.pom.tests.ReasonsForApplyingTest</td><td><a href="#m96">reasonsForApplyingTest</a></td><td rowspan="1">1662630570887</td><td rowspan="1">0</td></tr><tr class="skippedodd"><td rowspan="2">org.migrational.pom.tests.RegisterNewAccountTest</td><td><a href="#m97">registerCandidateAccountTest</a></td><td rowspan="1">1662630570894</td><td rowspan="1">0</td></tr><tr class="skippedodd"><td><a href="#m98">registerEmployerAccountTest</a></td><td rowspan="1">1662630570897</td><td rowspan="1">0</td></tr></tbody>
</table>
<h2>Command line test</h2><h3 id="m0">org.migrational.pom.tests.AdminAdminsTest#startDriver</h3><table class="result"><tr><th>Exception</th></tr><tr><td><div class="stacktrace">java.lang.IllegalArgumentException: No enum constant org.migrational.pom.constants.BrowserType.chrome
	at java.base/java.lang.Enum.valueOf(Enum.java:273)
	at org.migrational.pom.constants.BrowserType.valueOf(BrowserType.java:3)
	at org.migrational.pom.factory.DriverManager.initializeDriver(DriverManager.java:16)
	at org.migrational.pom.base.BaseTest.startDriver(BaseTest.java:15)
	at java.base/java.util.ArrayList.forEach(ArrayList.java:1511)
... Removed 37 stack frames</div></td></tr></table><p class="totop"><a href="#summary">back to summary</a></p>
<h3 id="m1">org.migrational.pom.tests.AdminCandidatesTest#startDriver</h3><table class="result"><tr><th>Exception</th></tr><tr><td><div class="stacktrace">java.lang.IllegalArgumentException: No enum constant org.migrational.pom.constants.BrowserType.chrome
	at java.base/java.lang.Enum.valueOf(Enum.java:273)
	at org.migrational.pom.constants.BrowserType.valueOf(BrowserType.java:3)
	at org.migrational.pom.factory.DriverManager.initializeDriver(DriverManager.java:16)
	at org.migrational.pom.base.BaseTest.startDriver(BaseTest.java:15)
	at java.base/java.util.ArrayList.forEach(ArrayList.java:1511)
... Removed 37 stack frames</div></td></tr></table><p class="totop"><a href="#summary">back to summary</a></p>
<h3 id="m2">org.migrational.pom.tests.AdminClientsTest#startDriver</h3><table class="result"><tr><th>Exception</th></tr><tr><td><div class="stacktrace">java.lang.IllegalArgumentException: No enum constant org.migrational.pom.constants.BrowserType.chrome
	at java.base/java.lang.Enum.valueOf(Enum.java:273)
	at org.migrational.pom.constants.BrowserType.valueOf(BrowserType.java:3)
	at org.migrational.pom.factory.DriverManager.initializeDriver(DriverManager.java:16)
	at org.migrational.pom.base.BaseTest.startDriver(BaseTest.java:15)
	at java.base/java.util.ArrayList.forEach(ArrayList.java:1511)
... Removed 37 stack frames</div></td></tr></table><p class="totop"><a href="#summary">back to summary</a></p>
<h3 id="m3">org.migrational.pom.tests.AdminDashboardTest#startDriver</h3><table class="result"><tr><th>Exception</th></tr><tr><td><div class="stacktrace">java.lang.IllegalArgumentException: No enum constant org.migrational.pom.constants.BrowserType.chrome
	at java.base/java.lang.Enum.valueOf(Enum.java:273)
	at org.migrational.pom.constants.BrowserType.valueOf(BrowserType.java:3)
	at org.migrational.pom.factory.DriverManager.initializeDriver(DriverManager.java:16)
	at org.migrational.pom.base.BaseTest.startDriver(BaseTest.java:15)
	at java.base/java.util.ArrayList.forEach(ArrayList.java:1511)
... Removed 37 stack frames</div></td></tr></table><p class="totop"><a href="#summary">back to summary</a></p>
<h3 id="m4">org.migrational.pom.tests.AdminHistoryTest#startDriver</h3><table class="result"><tr><th>Exception</th></tr><tr><td><div class="stacktrace">java.lang.IllegalArgumentException: No enum constant org.migrational.pom.constants.BrowserType.chrome
	at java.base/java.lang.Enum.valueOf(Enum.java:273)
	at org.migrational.pom.constants.BrowserType.valueOf(BrowserType.java:3)
	at org.migrational.pom.factory.DriverManager.initializeDriver(DriverManager.java:16)
	at org.migrational.pom.base.BaseTest.startDriver(BaseTest.java:15)
	at java.base/java.util.ArrayList.forEach(ArrayList.java:1511)
... Removed 37 stack frames</div></td></tr></table><p class="totop"><a href="#summary">back to summary</a></p>
<h3 id="m5">org.migrational.pom.tests.AdminInvoicesTest#startDriver</h3><table class="result"><tr><th>Exception</th></tr><tr><td><div class="stacktrace">java.lang.IllegalArgumentException: No enum constant org.migrational.pom.constants.BrowserType.chrome
	at java.base/java.lang.Enum.valueOf(Enum.java:273)
	at org.migrational.pom.constants.BrowserType.valueOf(BrowserType.java:3)
	at org.migrational.pom.factory.DriverManager.initializeDriver(DriverManager.java:16)
	at org.migrational.pom.base.BaseTest.startDriver(BaseTest.java:15)
	at java.base/java.util.ArrayList.forEach(ArrayList.java:1511)
... Removed 37 stack frames</div></td></tr></table><p class="totop"><a href="#summary">back to summary</a></p>
<h3 id="m6">org.migrational.pom.tests.AdminLoginTest#startDriver</h3><table class="result"><tr><th>Exception</th></tr><tr><td><div class="stacktrace">java.lang.IllegalArgumentException: No enum constant org.migrational.pom.constants.BrowserType.chrome
	at java.base/java.lang.Enum.valueOf(Enum.java:273)
	at org.migrational.pom.constants.BrowserType.valueOf(BrowserType.java:3)
	at org.migrational.pom.factory.DriverManager.initializeDriver(DriverManager.java:16)
	at org.migrational.pom.base.BaseTest.startDriver(BaseTest.java:15)
	at java.base/java.util.ArrayList.forEach(ArrayList.java:1511)
... Removed 37 stack frames</div></td></tr></table><p class="totop"><a href="#summary">back to summary</a></p>
<h3 id="m7">org.migrational.pom.tests.AdminMessagesTest#startDriver</h3><table class="result"><tr><th>Exception</th></tr><tr><td><div class="stacktrace">java.lang.IllegalArgumentException: No enum constant org.migrational.pom.constants.BrowserType.chrome
	at java.base/java.lang.Enum.valueOf(Enum.java:273)
	at org.migrational.pom.constants.BrowserType.valueOf(BrowserType.java:3)
	at org.migrational.pom.factory.DriverManager.initializeDriver(DriverManager.java:16)
	at org.migrational.pom.base.BaseTest.startDriver(BaseTest.java:15)
	at java.base/java.util.ArrayList.forEach(ArrayList.java:1511)
... Removed 37 stack frames</div></td></tr></table><p class="totop"><a href="#summary">back to summary</a></p>
<h3 id="m8">org.migrational.pom.tests.AdminPaymentsTest#startDriver</h3><table class="result"><tr><th>Exception</th></tr><tr><td><div class="stacktrace">java.lang.IllegalArgumentException: No enum constant org.migrational.pom.constants.BrowserType.chrome
	at java.base/java.lang.Enum.valueOf(Enum.java:273)
	at org.migrational.pom.constants.BrowserType.valueOf(BrowserType.java:3)
	at org.migrational.pom.factory.DriverManager.initializeDriver(DriverManager.java:16)
	at org.migrational.pom.base.BaseTest.startDriver(BaseTest.java:15)
	at java.base/java.util.ArrayList.forEach(ArrayList.java:1511)
... Removed 37 stack frames</div></td></tr></table><p class="totop"><a href="#summary">back to summary</a></p>
<h3 id="m9">org.migrational.pom.tests.AdminPromoCodesTest#startDriver</h3><table class="result"><tr><th>Exception</th></tr><tr><td><div class="stacktrace">java.lang.IllegalArgumentException: No enum constant org.migrational.pom.constants.BrowserType.chrome
	at java.base/java.lang.Enum.valueOf(Enum.java:273)
	at org.migrational.pom.constants.BrowserType.valueOf(BrowserType.java:3)
	at org.migrational.pom.factory.DriverManager.initializeDriver(DriverManager.java:16)
	at org.migrational.pom.base.BaseTest.startDriver(BaseTest.java:15)
	at java.base/java.util.ArrayList.forEach(ArrayList.java:1511)
... Removed 37 stack frames</div></td></tr></table><p class="totop"><a href="#summary">back to summary</a></p>
<h3 id="m10">org.migrational.pom.tests.AdminServiceProvidersTest#startDriver</h3><table class="result"><tr><th>Exception</th></tr><tr><td><div class="stacktrace">java.lang.IllegalArgumentException: No enum constant org.migrational.pom.constants.BrowserType.chrome
	at java.base/java.lang.Enum.valueOf(Enum.java:273)
	at org.migrational.pom.constants.BrowserType.valueOf(BrowserType.java:3)
	at org.migrational.pom.factory.DriverManager.initializeDriver(DriverManager.java:16)
	at org.migrational.pom.base.BaseTest.startDriver(BaseTest.java:15)
	at java.base/java.util.ArrayList.forEach(ArrayList.java:1511)
... Removed 37 stack frames</div></td></tr></table><p class="totop"><a href="#summary">back to summary</a></p>
<h3 id="m11">org.migrational.pom.tests.CandidateLoginTest#startDriver</h3><table class="result"><tr><th>Exception</th></tr><tr><td><div class="stacktrace">java.lang.IllegalArgumentException: No enum constant org.migrational.pom.constants.BrowserType.chrome
	at java.base/java.lang.Enum.valueOf(Enum.java:273)
	at org.migrational.pom.constants.BrowserType.valueOf(BrowserType.java:3)
	at org.migrational.pom.factory.DriverManager.initializeDriver(DriverManager.java:16)
	at org.migrational.pom.base.BaseTest.startDriver(BaseTest.java:15)
	at java.base/java.util.ArrayList.forEach(ArrayList.java:1511)
... Removed 37 stack frames</div></td></tr></table><p class="totop"><a href="#summary">back to summary</a></p>
<h3 id="m12">org.migrational.pom.tests.CandidateRegistrationInfoTest#startDriver</h3><table class="result"><tr><th>Exception</th></tr><tr><td><div class="stacktrace">java.lang.IllegalArgumentException: No enum constant org.migrational.pom.constants.BrowserType.chrome
	at java.base/java.lang.Enum.valueOf(Enum.java:273)
	at org.migrational.pom.constants.BrowserType.valueOf(BrowserType.java:3)
	at org.migrational.pom.factory.DriverManager.initializeDriver(DriverManager.java:16)
	at org.migrational.pom.base.BaseTest.startDriver(BaseTest.java:15)
	at java.base/java.util.ArrayList.forEach(ArrayList.java:1511)
... Removed 37 stack frames</div></td></tr></table><p class="totop"><a href="#summary">back to summary</a></p>
<h3 id="m13">org.migrational.pom.tests.Covid19VaccineTest#startDriver</h3><table class="result"><tr><th>Exception</th></tr><tr><td><div class="stacktrace">java.lang.IllegalArgumentException: No enum constant org.migrational.pom.constants.BrowserType.chrome
	at java.base/java.lang.Enum.valueOf(Enum.java:273)
	at org.migrational.pom.constants.BrowserType.valueOf(BrowserType.java:3)
	at org.migrational.pom.factory.DriverManager.initializeDriver(DriverManager.java:16)
	at org.migrational.pom.base.BaseTest.startDriver(BaseTest.java:15)
	at java.base/java.util.ArrayList.forEach(ArrayList.java:1511)
... Removed 37 stack frames</div></td></tr></table><p class="totop"><a href="#summary">back to summary</a></p>
<h3 id="m14">org.migrational.pom.tests.EducationQualificationTest#startDriver</h3><table class="result"><tr><th>Exception</th></tr><tr><td><div class="stacktrace">java.lang.IllegalArgumentException: No enum constant org.migrational.pom.constants.BrowserType.chrome
	at java.base/java.lang.Enum.valueOf(Enum.java:273)
	at org.migrational.pom.constants.BrowserType.valueOf(BrowserType.java:3)
	at org.migrational.pom.factory.DriverManager.initializeDriver(DriverManager.java:16)
	at org.migrational.pom.base.BaseTest.startDriver(BaseTest.java:15)
	at java.base/java.util.ArrayList.forEach(ArrayList.java:1511)
... Removed 37 stack frames</div></td></tr></table><p class="totop"><a href="#summary">back to summary</a></p>
<h3 id="m15">org.migrational.pom.tests.EmployerLoginTest#startDriver</h3><table class="result"><tr><th>Exception</th></tr><tr><td><div class="stacktrace">java.lang.IllegalArgumentException: No enum constant org.migrational.pom.constants.BrowserType.chrome
	at java.base/java.lang.Enum.valueOf(Enum.java:273)
	at org.migrational.pom.constants.BrowserType.valueOf(BrowserType.java:3)
	at org.migrational.pom.factory.DriverManager.initializeDriver(DriverManager.java:16)
	at org.migrational.pom.base.BaseTest.startDriver(BaseTest.java:15)
	at java.base/java.util.ArrayList.forEach(ArrayList.java:1511)
... Removed 37 stack frames</div></td></tr></table><p class="totop"><a href="#summary">back to summary</a></p>
<h3 id="m16">org.migrational.pom.tests.EmployerRegistrationInfoTest#startDriver</h3><table class="result"><tr><th>Exception</th></tr><tr><td><div class="stacktrace">java.lang.IllegalArgumentException: No enum constant org.migrational.pom.constants.BrowserType.chrome
	at java.base/java.lang.Enum.valueOf(Enum.java:273)
	at org.migrational.pom.constants.BrowserType.valueOf(BrowserType.java:3)
	at org.migrational.pom.factory.DriverManager.initializeDriver(DriverManager.java:16)
	at org.migrational.pom.base.BaseTest.startDriver(BaseTest.java:15)
	at java.base/java.util.ArrayList.forEach(ArrayList.java:1511)
... Removed 37 stack frames</div></td></tr></table><p class="totop"><a href="#summary">back to summary</a></p>
<h3 id="m17">org.migrational.pom.tests.GermanLevelProficiencyTest#startDriver</h3><table class="result"><tr><th>Exception</th></tr><tr><td><div class="stacktrace">java.lang.IllegalArgumentException: No enum constant org.migrational.pom.constants.BrowserType.chrome
	at java.base/java.lang.Enum.valueOf(Enum.java:273)
	at org.migrational.pom.constants.BrowserType.valueOf(BrowserType.java:3)
	at org.migrational.pom.factory.DriverManager.initializeDriver(DriverManager.java:16)
	at org.migrational.pom.base.BaseTest.startDriver(BaseTest.java:15)
	at java.base/java.util.ArrayList.forEach(ArrayList.java:1511)
... Removed 37 stack frames</div></td></tr></table><p class="totop"><a href="#summary">back to summary</a></p>
<h3 id="m18">org.migrational.pom.tests.LandingPageTest#startDriver</h3><table class="result"><tr><th>Exception</th></tr><tr><td><div class="stacktrace">java.lang.IllegalArgumentException: No enum constant org.migrational.pom.constants.BrowserType.chrome
	at java.base/java.lang.Enum.valueOf(Enum.java:273)
	at org.migrational.pom.constants.BrowserType.valueOf(BrowserType.java:3)
	at org.migrational.pom.factory.DriverManager.initializeDriver(DriverManager.java:16)
	at org.migrational.pom.base.BaseTest.startDriver(BaseTest.java:15)
	at java.base/java.util.ArrayList.forEach(ArrayList.java:1511)
... Removed 37 stack frames</div></td></tr></table><p class="totop"><a href="#summary">back to summary</a></p>
<h3 id="m19">org.migrational.pom.tests.NostrificationTest#startDriver</h3><table class="result"><tr><th>Exception</th></tr><tr><td><div class="stacktrace">java.lang.IllegalArgumentException: No enum constant org.migrational.pom.constants.BrowserType.chrome
	at java.base/java.lang.Enum.valueOf(Enum.java:273)
	at org.migrational.pom.constants.BrowserType.valueOf(BrowserType.java:3)
	at org.migrational.pom.factory.DriverManager.initializeDriver(DriverManager.java:16)
	at org.migrational.pom.base.BaseTest.startDriver(BaseTest.java:15)
	at java.base/java.util.ArrayList.forEach(ArrayList.java:1511)
... Removed 37 stack frames</div></td></tr></table><p class="totop"><a href="#summary">back to summary</a></p>
<h3 id="m20">org.migrational.pom.tests.PersonalInformationTest#startDriver</h3><table class="result"><tr><th>Exception</th></tr><tr><td><div class="stacktrace">java.lang.IllegalArgumentException: No enum constant org.migrational.pom.constants.BrowserType.chrome
	at java.base/java.lang.Enum.valueOf(Enum.java:273)
	at org.migrational.pom.constants.BrowserType.valueOf(BrowserType.java:3)
	at org.migrational.pom.factory.DriverManager.initializeDriver(DriverManager.java:16)
	at org.migrational.pom.base.BaseTest.startDriver(BaseTest.java:15)
	at java.base/java.util.ArrayList.forEach(ArrayList.java:1511)
... Removed 37 stack frames</div></td></tr></table><p class="totop"><a href="#summary">back to summary</a></p>
<h3 id="m21">org.migrational.pom.tests.PreScreeningTest#startDriver</h3><table class="result"><tr><th>Exception</th></tr><tr><td><div class="stacktrace">java.lang.IllegalArgumentException: No enum constant org.migrational.pom.constants.BrowserType.chrome
	at java.base/java.lang.Enum.valueOf(Enum.java:273)
	at org.migrational.pom.constants.BrowserType.valueOf(BrowserType.java:3)
	at org.migrational.pom.factory.DriverManager.initializeDriver(DriverManager.java:16)
	at org.migrational.pom.base.BaseTest.startDriver(BaseTest.java:15)
	at java.base/java.util.ArrayList.forEach(ArrayList.java:1511)
... Removed 37 stack frames</div></td></tr></table><p class="totop"><a href="#summary">back to summary</a></p>
<h3 id="m22">org.migrational.pom.tests.ReasonsForApplyingTest#startDriver</h3><table class="result"><tr><th>Exception</th></tr><tr><td><div class="stacktrace">java.lang.IllegalArgumentException: No enum constant org.migrational.pom.constants.BrowserType.chrome
	at java.base/java.lang.Enum.valueOf(Enum.java:273)
	at org.migrational.pom.constants.BrowserType.valueOf(BrowserType.java:3)
	at org.migrational.pom.factory.DriverManager.initializeDriver(DriverManager.java:16)
	at org.migrational.pom.base.BaseTest.startDriver(BaseTest.java:15)
	at java.base/java.util.ArrayList.forEach(ArrayList.java:1511)
... Removed 37 stack frames</div></td></tr></table><p class="totop"><a href="#summary">back to summary</a></p>
<h3 id="m23">org.migrational.pom.tests.RegisterNewAccountTest#startDriver</h3><table class="result"><tr><th>Exception</th></tr><tr><td><div class="stacktrace">java.lang.IllegalArgumentException: No enum constant org.migrational.pom.constants.BrowserType.chrome
	at java.base/java.lang.Enum.valueOf(Enum.java:273)
	at org.migrational.pom.constants.BrowserType.valueOf(BrowserType.java:3)
	at org.migrational.pom.factory.DriverManager.initializeDriver(DriverManager.java:16)
	at org.migrational.pom.base.BaseTest.startDriver(BaseTest.java:15)
	at java.base/java.util.ArrayList.forEach(ArrayList.java:1511)
... Removed 37 stack frames</div></td></tr></table><p class="totop"><a href="#summary">back to summary</a></p>
<h3 id="m24">org.migrational.pom.tests.AdminAdminsTest#quitDriver</h3><table class="result"><tr><th class="invisible"/></tr></table><p class="totop"><a href="#summary">back to summary</a></p>
<h3 id="m25">org.migrational.pom.tests.AdminCandidatesTest#quitDriver</h3><table class="result"><tr><th class="invisible"/></tr></table><p class="totop"><a href="#summary">back to summary</a></p>
<h3 id="m26">org.migrational.pom.tests.AdminClientsTest#quitDriver</h3><table class="result"><tr><th class="invisible"/></tr></table><p class="totop"><a href="#summary">back to summary</a></p>
<h3 id="m27">org.migrational.pom.tests.AdminDashboardTest#quitDriver</h3><table class="result"><tr><th class="invisible"/></tr></table><p class="totop"><a href="#summary">back to summary</a></p>
<h3 id="m28">org.migrational.pom.tests.AdminHistoryTest#quitDriver</h3><table class="result"><tr><th class="invisible"/></tr></table><p class="totop"><a href="#summary">back to summary</a></p>
<h3 id="m29">org.migrational.pom.tests.AdminInvoicesTest#quitDriver</h3><table class="result"><tr><th class="invisible"/></tr></table><p class="totop"><a href="#summary">back to summary</a></p>
<h3 id="m30">org.migrational.pom.tests.AdminLoginTest#quitDriver</h3><table class="result"><tr><th class="invisible"/></tr></table><p class="totop"><a href="#summary">back to summary</a></p>
<h3 id="m31">org.migrational.pom.tests.AdminMessagesTest#quitDriver</h3><table class="result"><tr><th class="invisible"/></tr></table><p class="totop"><a href="#summary">back to summary</a></p>
<h3 id="m32">org.migrational.pom.tests.AdminPaymentsTest#quitDriver</h3><table class="result"><tr><th class="invisible"/></tr></table><p class="totop"><a href="#summary">back to summary</a></p>
<h3 id="m33">org.migrational.pom.tests.AdminPromoCodesTest#quitDriver</h3><table class="result"><tr><th class="invisible"/></tr></table><p class="totop"><a href="#summary">back to summary</a></p>
<h3 id="m34">org.migrational.pom.tests.AdminServiceProvidersTest#quitDriver</h3><table class="result"><tr><th class="invisible"/></tr></table><p class="totop"><a href="#summary">back to summary</a></p>
<h3 id="m35">org.migrational.pom.tests.CandidateLoginTest#quitDriver</h3><table class="result"><tr><th class="invisible"/></tr></table><p class="totop"><a href="#summary">back to summary</a></p>
<h3 id="m36">org.migrational.pom.tests.CandidateRegistrationInfoTest#quitDriver</h3><table class="result"><tr><th class="invisible"/></tr></table><p class="totop"><a href="#summary">back to summary</a></p>
<h3 id="m37">org.migrational.pom.tests.Covid19VaccineTest#quitDriver</h3><table class="result"><tr><th class="invisible"/></tr></table><p class="totop"><a href="#summary">back to summary</a></p>
<h3 id="m38">org.migrational.pom.tests.EducationQualificationTest#quitDriver</h3><table class="result"><tr><th class="invisible"/></tr></table><p class="totop"><a href="#summary">back to summary</a></p>
<h3 id="m39">org.migrational.pom.tests.EmployerLoginTest#quitDriver</h3><table class="result"><tr><th class="invisible"/></tr></table><p class="totop"><a href="#summary">back to summary</a></p>
<h3 id="m40">org.migrational.pom.tests.EmployerRegistrationInfoTest#quitDriver</h3><table class="result"><tr><th class="invisible"/></tr></table><p class="totop"><a href="#summary">back to summary</a></p>
<h3 id="m41">org.migrational.pom.tests.GermanLevelProficiencyTest#quitDriver</h3><table class="result"><tr><th class="invisible"/></tr></table><p class="totop"><a href="#summary">back to summary</a></p>
<h3 id="m42">org.migrational.pom.tests.LandingPageTest#quitDriver</h3><table class="result"><tr><th class="invisible"/></tr></table><p class="totop"><a href="#summary">back to summary</a></p>
<h3 id="m43">org.migrational.pom.tests.LandingPageTest#quitDriver</h3><table class="result"><tr><th class="invisible"/></tr></table><p class="totop"><a href="#summary">back to summary</a></p>
<h3 id="m44">org.migrational.pom.tests.LandingPageTest#quitDriver</h3><table class="result"><tr><th class="invisible"/></tr></table><p class="totop"><a href="#summary">back to summary</a></p>
<h3 id="m45">org.migrational.pom.tests.LandingPageTest#startDriver</h3><table class="result"><tr><th class="invisible"/></tr></table><p class="totop"><a href="#summary">back to summary</a></p>
<h3 id="m46">org.migrational.pom.tests.LandingPageTest#startDriver</h3><table class="result"><tr><th class="invisible"/></tr></table><p class="totop"><a href="#summary">back to summary</a></p>
<h3 id="m47">org.migrational.pom.tests.NostrificationTest#quitDriver</h3><table class="result"><tr><th class="invisible"/></tr></table><p class="totop"><a href="#summary">back to summary</a></p>
<h3 id="m48">org.migrational.pom.tests.PersonalInformationTest#quitDriver</h3><table class="result"><tr><th class="invisible"/></tr></table><p class="totop"><a href="#summary">back to summary</a></p>
<h3 id="m49">org.migrational.pom.tests.PreScreeningTest#quitDriver</h3><table class="result"><tr><th class="invisible"/></tr></table><p class="totop"><a href="#summary">back to summary</a></p>
<h3 id="m50">org.migrational.pom.tests.PreScreeningTest#quitDriver</h3><table class="result"><tr><th class="invisible"/></tr></table><p class="totop"><a href="#summary">back to summary</a></p>
<h3 id="m51">org.migrational.pom.tests.PreScreeningTest#quitDriver</h3><table class="result"><tr><th class="invisible"/></tr></table><p class="totop"><a href="#summary">back to summary</a></p>
<h3 id="m52">org.migrational.pom.tests.PreScreeningTest#quitDriver</h3><table class="result"><tr><th class="invisible"/></tr></table><p class="totop"><a href="#summary">back to summary</a></p>
<h3 id="m53">org.migrational.pom.tests.PreScreeningTest#quitDriver</h3><table class="result"><tr><th class="invisible"/></tr></table><p class="totop"><a href="#summary">back to summary</a></p>
<h3 id="m54">org.migrational.pom.tests.PreScreeningTest#quitDriver</h3><table class="result"><tr><th class="invisible"/></tr></table><p class="totop"><a href="#summary">back to summary</a></p>
<h3 id="m55">org.migrational.pom.tests.PreScreeningTest#quitDriver</h3><table class="result"><tr><th class="invisible"/></tr></table><p class="totop"><a href="#summary">back to summary</a></p>
<h3 id="m56">org.migrational.pom.tests.PreScreeningTest#startDriver</h3><table class="result"><tr><th class="invisible"/></tr></table><p class="totop"><a href="#summary">back to summary</a></p>
<h3 id="m57">org.migrational.pom.tests.PreScreeningTest#startDriver</h3><table class="result"><tr><th class="invisible"/></tr></table><p class="totop"><a href="#summary">back to summary</a></p>
<h3 id="m58">org.migrational.pom.tests.PreScreeningTest#startDriver</h3><table class="result"><tr><th class="invisible"/></tr></table><p class="totop"><a href="#summary">back to summary</a></p>
<h3 id="m59">org.migrational.pom.tests.PreScreeningTest#startDriver</h3><table class="result"><tr><th class="invisible"/></tr></table><p class="totop"><a href="#summary">back to summary</a></p>
<h3 id="m60">org.migrational.pom.tests.PreScreeningTest#startDriver</h3><table class="result"><tr><th class="invisible"/></tr></table><p class="totop"><a href="#summary">back to summary</a></p>
<h3 id="m61">org.migrational.pom.tests.PreScreeningTest#startDriver</h3><table class="result"><tr><th class="invisible"/></tr></table><p class="totop"><a href="#summary">back to summary</a></p>
<h3 id="m62">org.migrational.pom.tests.ReasonsForApplyingTest#quitDriver</h3><table class="result"><tr><th class="invisible"/></tr></table><p class="totop"><a href="#summary">back to summary</a></p>
<h3 id="m63">org.migrational.pom.tests.RegisterNewAccountTest#quitDriver</h3><table class="result"><tr><th class="invisible"/></tr></table><p class="totop"><a href="#summary">back to summary</a></p>
<h3 id="m64">org.migrational.pom.tests.RegisterNewAccountTest#quitDriver</h3><table class="result"><tr><th class="invisible"/></tr></table><p class="totop"><a href="#summary">back to summary</a></p>
<h3 id="m65">org.migrational.pom.tests.RegisterNewAccountTest#startDriver</h3><table class="result"><tr><th class="invisible"/></tr></table><p class="totop"><a href="#summary">back to summary</a></p>
<h3 id="m66">org.migrational.pom.tests.AdminAdminsTest#adminAdminsTest</h3><table class="result"><tr><th>Exception</th></tr><tr><td><div class="stacktrace">java.lang.IllegalArgumentException: No enum constant org.migrational.pom.constants.BrowserType.chrome
	at java.base/java.lang.Enum.valueOf(Enum.java:273)
	at org.migrational.pom.constants.BrowserType.valueOf(BrowserType.java:3)
	at org.migrational.pom.factory.DriverManager.initializeDriver(DriverManager.java:16)
	at org.migrational.pom.base.BaseTest.startDriver(BaseTest.java:15)
	at java.base/java.util.ArrayList.forEach(ArrayList.java:1511)
... Removed 37 stack frames</div></td></tr></table><p class="totop"><a href="#summary">back to summary</a></p>
<h3 id="m67">org.migrational.pom.tests.AdminCandidatesTest#adminCandidatesTest</h3><table class="result"><tr><th>Exception</th></tr><tr><td><div class="stacktrace">java.lang.IllegalArgumentException: No enum constant org.migrational.pom.constants.BrowserType.chrome
	at java.base/java.lang.Enum.valueOf(Enum.java:273)
	at org.migrational.pom.constants.BrowserType.valueOf(BrowserType.java:3)
	at org.migrational.pom.factory.DriverManager.initializeDriver(DriverManager.java:16)
	at org.migrational.pom.base.BaseTest.startDriver(BaseTest.java:15)
	at java.base/java.util.ArrayList.forEach(ArrayList.java:1511)
... Removed 37 stack frames</div></td></tr></table><p class="totop"><a href="#summary">back to summary</a></p>
<h3 id="m68">org.migrational.pom.tests.AdminClientsTest#adminClientsTest</h3><table class="result"><tr><th>Exception</th></tr><tr><td><div class="stacktrace">java.lang.IllegalArgumentException: No enum constant org.migrational.pom.constants.BrowserType.chrome
	at java.base/java.lang.Enum.valueOf(Enum.java:273)
	at org.migrational.pom.constants.BrowserType.valueOf(BrowserType.java:3)
	at org.migrational.pom.factory.DriverManager.initializeDriver(DriverManager.java:16)
	at org.migrational.pom.base.BaseTest.startDriver(BaseTest.java:15)
	at java.base/java.util.ArrayList.forEach(ArrayList.java:1511)
... Removed 37 stack frames</div></td></tr></table><p class="totop"><a href="#summary">back to summary</a></p>
<h3 id="m69">org.migrational.pom.tests.AdminDashboardTest#adminDashboardTest</h3><table class="result"><tr><th>Exception</th></tr><tr><td><div class="stacktrace">java.lang.IllegalArgumentException: No enum constant org.migrational.pom.constants.BrowserType.chrome
	at java.base/java.lang.Enum.valueOf(Enum.java:273)
	at org.migrational.pom.constants.BrowserType.valueOf(BrowserType.java:3)
	at org.migrational.pom.factory.DriverManager.initializeDriver(DriverManager.java:16)
	at org.migrational.pom.base.BaseTest.startDriver(BaseTest.java:15)
	at java.base/java.util.ArrayList.forEach(ArrayList.java:1511)
... Removed 37 stack frames</div></td></tr></table><p class="totop"><a href="#summary">back to summary</a></p>
<h3 id="m70">org.migrational.pom.tests.AdminHistoryTest#adminHistoryTest</h3><table class="result"><tr><th>Exception</th></tr><tr><td><div class="stacktrace">java.lang.IllegalArgumentException: No enum constant org.migrational.pom.constants.BrowserType.chrome
	at java.base/java.lang.Enum.valueOf(Enum.java:273)
	at org.migrational.pom.constants.BrowserType.valueOf(BrowserType.java:3)
	at org.migrational.pom.factory.DriverManager.initializeDriver(DriverManager.java:16)
	at org.migrational.pom.base.BaseTest.startDriver(BaseTest.java:15)
	at java.base/java.util.ArrayList.forEach(ArrayList.java:1511)
... Removed 37 stack frames</div></td></tr></table><p class="totop"><a href="#summary">back to summary</a></p>
<h3 id="m71">org.migrational.pom.tests.AdminInvoicesTest#adminInvoicesTest</h3><table class="result"><tr><th>Exception</th></tr><tr><td><div class="stacktrace">java.lang.IllegalArgumentException: No enum constant org.migrational.pom.constants.BrowserType.chrome
	at java.base/java.lang.Enum.valueOf(Enum.java:273)
	at org.migrational.pom.constants.BrowserType.valueOf(BrowserType.java:3)
	at org.migrational.pom.factory.DriverManager.initializeDriver(DriverManager.java:16)
	at org.migrational.pom.base.BaseTest.startDriver(BaseTest.java:15)
	at java.base/java.util.ArrayList.forEach(ArrayList.java:1511)
... Removed 37 stack frames</div></td></tr></table><p class="totop"><a href="#summary">back to summary</a></p>
<h3 id="m72">org.migrational.pom.tests.AdminLoginTest#adminLoginTest</h3><table class="result"><tr><th>Exception</th></tr><tr><td><div class="stacktrace">java.lang.IllegalArgumentException: No enum constant org.migrational.pom.constants.BrowserType.chrome
	at java.base/java.lang.Enum.valueOf(Enum.java:273)
	at org.migrational.pom.constants.BrowserType.valueOf(BrowserType.java:3)
	at org.migrational.pom.factory.DriverManager.initializeDriver(DriverManager.java:16)
	at org.migrational.pom.base.BaseTest.startDriver(BaseTest.java:15)
	at java.base/java.util.ArrayList.forEach(ArrayList.java:1511)
... Removed 37 stack frames</div></td></tr></table><p class="totop"><a href="#summary">back to summary</a></p>
<h3 id="m73">org.migrational.pom.tests.AdminMessagesTest#adminMessagesTest</h3><table class="result"><tr><th>Exception</th></tr><tr><td><div class="stacktrace">java.lang.IllegalArgumentException: No enum constant org.migrational.pom.constants.BrowserType.chrome
	at java.base/java.lang.Enum.valueOf(Enum.java:273)
	at org.migrational.pom.constants.BrowserType.valueOf(BrowserType.java:3)
	at org.migrational.pom.factory.DriverManager.initializeDriver(DriverManager.java:16)
	at org.migrational.pom.base.BaseTest.startDriver(BaseTest.java:15)
	at java.base/java.util.ArrayList.forEach(ArrayList.java:1511)
... Removed 37 stack frames</div></td></tr></table><p class="totop"><a href="#summary">back to summary</a></p>
<h3 id="m74">org.migrational.pom.tests.AdminPaymentsTest#adminPaymentsTest</h3><table class="result"><tr><th>Exception</th></tr><tr><td><div class="stacktrace">java.lang.IllegalArgumentException: No enum constant org.migrational.pom.constants.BrowserType.chrome
	at java.base/java.lang.Enum.valueOf(Enum.java:273)
	at org.migrational.pom.constants.BrowserType.valueOf(BrowserType.java:3)
	at org.migrational.pom.factory.DriverManager.initializeDriver(DriverManager.java:16)
	at org.migrational.pom.base.BaseTest.startDriver(BaseTest.java:15)
	at java.base/java.util.ArrayList.forEach(ArrayList.java:1511)
... Removed 37 stack frames</div></td></tr></table><p class="totop"><a href="#summary">back to summary</a></p>
<h3 id="m75">org.migrational.pom.tests.AdminPromoCodesTest#adminPromoCodesTest</h3><table class="result"><tr><th>Exception</th></tr><tr><td><div class="stacktrace">java.lang.IllegalArgumentException: No enum constant org.migrational.pom.constants.BrowserType.chrome
	at java.base/java.lang.Enum.valueOf(Enum.java:273)
	at org.migrational.pom.constants.BrowserType.valueOf(BrowserType.java:3)
	at org.migrational.pom.factory.DriverManager.initializeDriver(DriverManager.java:16)
	at org.migrational.pom.base.BaseTest.startDriver(BaseTest.java:15)
	at java.base/java.util.ArrayList.forEach(ArrayList.java:1511)
... Removed 37 stack frames</div></td></tr></table><p class="totop"><a href="#summary">back to summary</a></p>
<h3 id="m76">org.migrational.pom.tests.AdminServiceProvidersTest#adminServiceProvidersTest</h3><table class="result"><tr><th>Exception</th></tr><tr><td><div class="stacktrace">java.lang.IllegalArgumentException: No enum constant org.migrational.pom.constants.BrowserType.chrome
	at java.base/java.lang.Enum.valueOf(Enum.java:273)
	at org.migrational.pom.constants.BrowserType.valueOf(BrowserType.java:3)
	at org.migrational.pom.factory.DriverManager.initializeDriver(DriverManager.java:16)
	at org.migrational.pom.base.BaseTest.startDriver(BaseTest.java:15)
	at java.base/java.util.ArrayList.forEach(ArrayList.java:1511)
... Removed 37 stack frames</div></td></tr></table><p class="totop"><a href="#summary">back to summary</a></p>
<h3 id="m77">org.migrational.pom.tests.CandidateLoginTest#candidateLoginTest</h3><table class="result"><tr><th>Exception</th></tr><tr><td><div class="stacktrace">java.lang.IllegalArgumentException: No enum constant org.migrational.pom.constants.BrowserType.chrome
	at java.base/java.lang.Enum.valueOf(Enum.java:273)
	at org.migrational.pom.constants.BrowserType.valueOf(BrowserType.java:3)
	at org.migrational.pom.factory.DriverManager.initializeDriver(DriverManager.java:16)
	at org.migrational.pom.base.BaseTest.startDriver(BaseTest.java:15)
	at java.base/java.util.ArrayList.forEach(ArrayList.java:1511)
... Removed 37 stack frames</div></td></tr></table><p class="totop"><a href="#summary">back to summary</a></p>
<h3 id="m78">org.migrational.pom.tests.CandidateRegistrationInfoTest#registrationInfoCandidateTest</h3><table class="result"><tr><th>Exception</th></tr><tr><td><div class="stacktrace">java.lang.IllegalArgumentException: No enum constant org.migrational.pom.constants.BrowserType.chrome
	at java.base/java.lang.Enum.valueOf(Enum.java:273)
	at org.migrational.pom.constants.BrowserType.valueOf(BrowserType.java:3)
	at org.migrational.pom.factory.DriverManager.initializeDriver(DriverManager.java:16)
	at org.migrational.pom.base.BaseTest.startDriver(BaseTest.java:15)
	at java.base/java.util.ArrayList.forEach(ArrayList.java:1511)
... Removed 37 stack frames</div></td></tr></table><p class="totop"><a href="#summary">back to summary</a></p>
<h3 id="m79">org.migrational.pom.tests.Covid19VaccineTest#covid19VaccineTest</h3><table class="result"><tr><th>Exception</th></tr><tr><td><div class="stacktrace">java.lang.IllegalArgumentException: No enum constant org.migrational.pom.constants.BrowserType.chrome
	at java.base/java.lang.Enum.valueOf(Enum.java:273)
	at org.migrational.pom.constants.BrowserType.valueOf(BrowserType.java:3)
	at org.migrational.pom.factory.DriverManager.initializeDriver(DriverManager.java:16)
	at org.migrational.pom.base.BaseTest.startDriver(BaseTest.java:15)
	at java.base/java.util.ArrayList.forEach(ArrayList.java:1511)
... Removed 37 stack frames</div></td></tr></table><p class="totop"><a href="#summary">back to summary</a></p>
<h3 id="m80">org.migrational.pom.tests.EducationQualificationTest#educationQualificationTest</h3><table class="result"><tr><th>Exception</th></tr><tr><td><div class="stacktrace">java.lang.IllegalArgumentException: No enum constant org.migrational.pom.constants.BrowserType.chrome
	at java.base/java.lang.Enum.valueOf(Enum.java:273)
	at org.migrational.pom.constants.BrowserType.valueOf(BrowserType.java:3)
	at org.migrational.pom.factory.DriverManager.initializeDriver(DriverManager.java:16)
	at org.migrational.pom.base.BaseTest.startDriver(BaseTest.java:15)
	at java.base/java.util.ArrayList.forEach(ArrayList.java:1511)
... Removed 37 stack frames</div></td></tr></table><p class="totop"><a href="#summary">back to summary</a></p>
<h3 id="m81">org.migrational.pom.tests.EmployerLoginTest#employerLoginTest</h3><table class="result"><tr><th>Exception</th></tr><tr><td><div class="stacktrace">java.lang.IllegalArgumentException: No enum constant org.migrational.pom.constants.BrowserType.chrome
	at java.base/java.lang.Enum.valueOf(Enum.java:273)
	at org.migrational.pom.constants.BrowserType.valueOf(BrowserType.java:3)
	at org.migrational.pom.factory.DriverManager.initializeDriver(DriverManager.java:16)
	at org.migrational.pom.base.BaseTest.startDriver(BaseTest.java:15)
	at java.base/java.util.ArrayList.forEach(ArrayList.java:1511)
... Removed 37 stack frames</div></td></tr></table><p class="totop"><a href="#summary">back to summary</a></p>
<h3 id="m82">org.migrational.pom.tests.EmployerRegistrationInfoTest#employerRegistrationInfoTest</h3><table class="result"><tr><th>Exception</th></tr><tr><td><div class="stacktrace">java.lang.IllegalArgumentException: No enum constant org.migrational.pom.constants.BrowserType.chrome
	at java.base/java.lang.Enum.valueOf(Enum.java:273)
	at org.migrational.pom.constants.BrowserType.valueOf(BrowserType.java:3)
	at org.migrational.pom.factory.DriverManager.initializeDriver(DriverManager.java:16)
	at org.migrational.pom.base.BaseTest.startDriver(BaseTest.java:15)
	at java.base/java.util.ArrayList.forEach(ArrayList.java:1511)
... Removed 37 stack frames</div></td></tr></table><p class="totop"><a href="#summary">back to summary</a></p>
<h3 id="m83">org.migrational.pom.tests.GermanLevelProficiencyTest#germanLevelProficiencyTest</h3><table class="result"><tr><th>Exception</th></tr><tr><td><div class="stacktrace">java.lang.IllegalArgumentException: No enum constant org.migrational.pom.constants.BrowserType.chrome
	at java.base/java.lang.Enum.valueOf(Enum.java:273)
	at org.migrational.pom.constants.BrowserType.valueOf(BrowserType.java:3)
	at org.migrational.pom.factory.DriverManager.initializeDriver(DriverManager.java:16)
	at org.migrational.pom.base.BaseTest.startDriver(BaseTest.java:15)
	at java.base/java.util.ArrayList.forEach(ArrayList.java:1511)
... Removed 37 stack frames</div></td></tr></table><p class="totop"><a href="#summary">back to summary</a></p>
<h3 id="m84">org.migrational.pom.tests.LandingPageTest#landingPageTest</h3><table class="result"><tr><th>Exception</th></tr><tr><td><div class="stacktrace">java.lang.IllegalArgumentException: No enum constant org.migrational.pom.constants.BrowserType.chrome
	at java.base/java.lang.Enum.valueOf(Enum.java:273)
	at org.migrational.pom.constants.BrowserType.valueOf(BrowserType.java:3)
	at org.migrational.pom.factory.DriverManager.initializeDriver(DriverManager.java:16)
	at org.migrational.pom.base.BaseTest.startDriver(BaseTest.java:15)
	at java.base/java.util.ArrayList.forEach(ArrayList.java:1511)
... Removed 37 stack frames</div></td></tr></table><p class="totop"><a href="#summary">back to summary</a></p>
<h3 id="m85">org.migrational.pom.tests.LandingPageTest#navigateFromLandingToLoginPageTest</h3><table class="result"><tr><th>Exception</th></tr><tr><td><div class="stacktrace">java.lang.IllegalArgumentException: No enum constant org.migrational.pom.constants.BrowserType.chrome
	at java.base/java.lang.Enum.valueOf(Enum.java:273)
	at org.migrational.pom.constants.BrowserType.valueOf(BrowserType.java:3)
	at org.migrational.pom.factory.DriverManager.initializeDriver(DriverManager.java:16)
	at org.migrational.pom.base.BaseTest.startDriver(BaseTest.java:15)
	at java.base/java.util.ArrayList.forEach(ArrayList.java:1511)
... Removed 37 stack frames</div></td></tr></table><p class="totop"><a href="#summary">back to summary</a></p>
<h3 id="m86">org.migrational.pom.tests.LandingPageTest#navigateFromLandingToRegisterNewAccountPageTest</h3><table class="result"><tr><th>Exception</th></tr><tr><td><div class="stacktrace">java.lang.IllegalArgumentException: No enum constant org.migrational.pom.constants.BrowserType.chrome
	at java.base/java.lang.Enum.valueOf(Enum.java:273)
	at org.migrational.pom.constants.BrowserType.valueOf(BrowserType.java:3)
	at org.migrational.pom.factory.DriverManager.initializeDriver(DriverManager.java:16)
	at org.migrational.pom.base.BaseTest.startDriver(BaseTest.java:15)
	at java.base/java.util.ArrayList.forEach(ArrayList.java:1511)
... Removed 37 stack frames</div></td></tr></table><p class="totop"><a href="#summary">back to summary</a></p>
<h3 id="m87">org.migrational.pom.tests.NostrificationTest#nostrificationTest</h3><table class="result"><tr><th>Exception</th></tr><tr><td><div class="stacktrace">java.lang.IllegalArgumentException: No enum constant org.migrational.pom.constants.BrowserType.chrome
	at java.base/java.lang.Enum.valueOf(Enum.java:273)
	at org.migrational.pom.constants.BrowserType.valueOf(BrowserType.java:3)
	at org.migrational.pom.factory.DriverManager.initializeDriver(DriverManager.java:16)
	at org.migrational.pom.base.BaseTest.startDriver(BaseTest.java:15)
	at java.base/java.util.ArrayList.forEach(ArrayList.java:1511)
... Removed 37 stack frames</div></td></tr></table><p class="totop"><a href="#summary">back to summary</a></p>
<h3 id="m88">org.migrational.pom.tests.PersonalInformationTest#personalInformationTest</h3><table class="result"><tr><th>Exception</th></tr><tr><td><div class="stacktrace">java.lang.IllegalArgumentException: No enum constant org.migrational.pom.constants.BrowserType.chrome
	at java.base/java.lang.Enum.valueOf(Enum.java:273)
	at org.migrational.pom.constants.BrowserType.valueOf(BrowserType.java:3)
	at org.migrational.pom.factory.DriverManager.initializeDriver(DriverManager.java:16)
	at org.migrational.pom.base.BaseTest.startDriver(BaseTest.java:15)
	at java.base/java.util.ArrayList.forEach(ArrayList.java:1511)
... Removed 37 stack frames</div></td></tr></table><p class="totop"><a href="#summary">back to summary</a></p>
<h3 id="m89">org.migrational.pom.tests.PreScreeningTest#preScreeningGetStartedBtnTest</h3><table class="result"><tr><th>Exception</th></tr><tr><td><div class="stacktrace">java.lang.IllegalArgumentException: No enum constant org.migrational.pom.constants.BrowserType.chrome
	at java.base/java.lang.Enum.valueOf(Enum.java:273)
	at org.migrational.pom.constants.BrowserType.valueOf(BrowserType.java:3)
	at org.migrational.pom.factory.DriverManager.initializeDriver(DriverManager.java:16)
	at org.migrational.pom.base.BaseTest.startDriver(BaseTest.java:15)
	at java.base/java.util.ArrayList.forEach(ArrayList.java:1511)
... Removed 37 stack frames</div></td></tr></table><p class="totop"><a href="#summary">back to summary</a></p>
<h3 id="m90">org.migrational.pom.tests.PreScreeningTest#preScreeningToCovidVaccineStepTest</h3><table class="result"><tr><th>Exception</th></tr><tr><td><div class="stacktrace">java.lang.IllegalArgumentException: No enum constant org.migrational.pom.constants.BrowserType.chrome
	at java.base/java.lang.Enum.valueOf(Enum.java:273)
	at org.migrational.pom.constants.BrowserType.valueOf(BrowserType.java:3)
	at org.migrational.pom.factory.DriverManager.initializeDriver(DriverManager.java:16)
	at org.migrational.pom.base.BaseTest.startDriver(BaseTest.java:15)
	at java.base/java.util.ArrayList.forEach(ArrayList.java:1511)
... Removed 37 stack frames</div></td></tr></table><p class="totop"><a href="#summary">back to summary</a></p>
<h3 id="m91">org.migrational.pom.tests.PreScreeningTest#preScreeningToEducationStepTest</h3><table class="result"><tr><th>Exception</th></tr><tr><td><div class="stacktrace">java.lang.IllegalArgumentException: No enum constant org.migrational.pom.constants.BrowserType.chrome
	at java.base/java.lang.Enum.valueOf(Enum.java:273)
	at org.migrational.pom.constants.BrowserType.valueOf(BrowserType.java:3)
	at org.migrational.pom.factory.DriverManager.initializeDriver(DriverManager.java:16)
	at org.migrational.pom.base.BaseTest.startDriver(BaseTest.java:15)
	at java.base/java.util.ArrayList.forEach(ArrayList.java:1511)
... Removed 37 stack frames</div></td></tr></table><p class="totop"><a href="#summary">back to summary</a></p>
<h3 id="m92">org.migrational.pom.tests.PreScreeningTest#preScreeningToGermanLanguageStepTest</h3><table class="result"><tr><th>Exception</th></tr><tr><td><div class="stacktrace">java.lang.IllegalArgumentException: No enum constant org.migrational.pom.constants.BrowserType.chrome
	at java.base/java.lang.Enum.valueOf(Enum.java:273)
	at org.migrational.pom.constants.BrowserType.valueOf(BrowserType.java:3)
	at org.migrational.pom.factory.DriverManager.initializeDriver(DriverManager.java:16)
	at org.migrational.pom.base.BaseTest.startDriver(BaseTest.java:15)
	at java.base/java.util.ArrayList.forEach(ArrayList.java:1511)
... Removed 37 stack frames</div></td></tr></table><p class="totop"><a href="#summary">back to summary</a></p>
<h3 id="m93">org.migrational.pom.tests.PreScreeningTest#preScreeningToNostrificationStepTest</h3><table class="result"><tr><th>Exception</th></tr><tr><td><div class="stacktrace">java.lang.IllegalArgumentException: No enum constant org.migrational.pom.constants.BrowserType.chrome
	at java.base/java.lang.Enum.valueOf(Enum.java:273)
	at org.migrational.pom.constants.BrowserType.valueOf(BrowserType.java:3)
	at org.migrational.pom.factory.DriverManager.initializeDriver(DriverManager.java:16)
	at org.migrational.pom.base.BaseTest.startDriver(BaseTest.java:15)
	at java.base/java.util.ArrayList.forEach(ArrayList.java:1511)
... Removed 37 stack frames</div></td></tr></table><p class="totop"><a href="#summary">back to summary</a></p>
<h3 id="m94">org.migrational.pom.tests.PreScreeningTest#preScreeningToPersonalInfoStepTest</h3><table class="result"><tr><th>Exception</th></tr><tr><td><div class="stacktrace">java.lang.IllegalArgumentException: No enum constant org.migrational.pom.constants.BrowserType.chrome
	at java.base/java.lang.Enum.valueOf(Enum.java:273)
	at org.migrational.pom.constants.BrowserType.valueOf(BrowserType.java:3)
	at org.migrational.pom.factory.DriverManager.initializeDriver(DriverManager.java:16)
	at org.migrational.pom.base.BaseTest.startDriver(BaseTest.java:15)
	at java.base/java.util.ArrayList.forEach(ArrayList.java:1511)
... Removed 37 stack frames</div></td></tr></table><p class="totop"><a href="#summary">back to summary</a></p>
<h3 id="m95">org.migrational.pom.tests.PreScreeningTest#preScreeningToReasonsForApplyingStepTest</h3><table class="result"><tr><th>Exception</th></tr><tr><td><div class="stacktrace">java.lang.IllegalArgumentException: No enum constant org.migrational.pom.constants.BrowserType.chrome
	at java.base/java.lang.Enum.valueOf(Enum.java:273)
	at org.migrational.pom.constants.BrowserType.valueOf(BrowserType.java:3)
	at org.migrational.pom.factory.DriverManager.initializeDriver(DriverManager.java:16)
	at org.migrational.pom.base.BaseTest.startDriver(BaseTest.java:15)
	at java.base/java.util.ArrayList.forEach(ArrayList.java:1511)
... Removed 37 stack frames</div></td></tr></table><p class="totop"><a href="#summary">back to summary</a></p>
<h3 id="m96">org.migrational.pom.tests.ReasonsForApplyingTest#reasonsForApplyingTest</h3><table class="result"><tr><th>Exception</th></tr><tr><td><div class="stacktrace">java.lang.IllegalArgumentException: No enum constant org.migrational.pom.constants.BrowserType.chrome
	at java.base/java.lang.Enum.valueOf(Enum.java:273)
	at org.migrational.pom.constants.BrowserType.valueOf(BrowserType.java:3)
	at org.migrational.pom.factory.DriverManager.initializeDriver(DriverManager.java:16)
	at org.migrational.pom.base.BaseTest.startDriver(BaseTest.java:15)
	at java.base/java.util.ArrayList.forEach(ArrayList.java:1511)
... Removed 37 stack frames</div></td></tr></table><p class="totop"><a href="#summary">back to summary</a></p>
<h3 id="m97">org.migrational.pom.tests.RegisterNewAccountTest#registerCandidateAccountTest</h3><table class="result"><tr><th>Exception</th></tr><tr><td><div class="stacktrace">java.lang.IllegalArgumentException: No enum constant org.migrational.pom.constants.BrowserType.chrome
	at java.base/java.lang.Enum.valueOf(Enum.java:273)
	at org.migrational.pom.constants.BrowserType.valueOf(BrowserType.java:3)
	at org.migrational.pom.factory.DriverManager.initializeDriver(DriverManager.java:16)
	at org.migrational.pom.base.BaseTest.startDriver(BaseTest.java:15)
	at java.base/java.util.ArrayList.forEach(ArrayList.java:1511)
... Removed 37 stack frames</div></td></tr></table><p class="totop"><a href="#summary">back to summary</a></p>
<h3 id="m98">org.migrational.pom.tests.RegisterNewAccountTest#registerEmployerAccountTest</h3><table class="result"><tr><th>Exception</th></tr><tr><td><div class="stacktrace">java.lang.IllegalArgumentException: No enum constant org.migrational.pom.constants.BrowserType.chrome
	at java.base/java.lang.Enum.valueOf(Enum.java:273)
	at org.migrational.pom.constants.BrowserType.valueOf(BrowserType.java:3)
	at org.migrational.pom.factory.DriverManager.initializeDriver(DriverManager.java:16)
	at org.migrational.pom.base.BaseTest.startDriver(BaseTest.java:15)
	at java.base/java.util.ArrayList.forEach(ArrayList.java:1511)
... Removed 37 stack frames</div></td></tr></table><p class="totop"><a href="#summary">back to summary</a></p>
</body>
</html>
